[2025-01-31T07:43:34.150+0000] {taskinstance.py:1103} INFO - Dependencies all met for dep_context=non-requeueable deps ti=<TaskInstance: naver_flight_pipeline.process_and_upload manual__2025-01-31T07:43:13.655222+00:00 [queued]>
[2025-01-31T07:43:34.155+0000] {taskinstance.py:1103} INFO - Dependencies all met for dep_context=requeueable deps ti=<TaskInstance: naver_flight_pipeline.process_and_upload manual__2025-01-31T07:43:13.655222+00:00 [queued]>
[2025-01-31T07:43:34.155+0000] {taskinstance.py:1308} INFO - Starting attempt 1 of 2
[2025-01-31T07:43:34.162+0000] {taskinstance.py:1327} INFO - Executing <Task(PythonOperator): process_and_upload> on 2025-01-31 07:43:13.655222+00:00
[2025-01-31T07:43:34.166+0000] {standard_task_runner.py:57} INFO - Started process 1203 to run task
[2025-01-31T07:43:34.168+0000] {standard_task_runner.py:84} INFO - Running: ['***', 'tasks', 'run', 'naver_flight_pipeline', 'process_and_upload', 'manual__2025-01-31T07:43:13.655222+00:00', '--job-id', '33', '--raw', '--subdir', 'DAGS_FOLDER/naver_flight_dag.py', '--cfg-path', '/tmp/tmp4t0qz_99']
[2025-01-31T07:43:34.170+0000] {standard_task_runner.py:85} INFO - Job 33: Subtask process_and_upload
[2025-01-31T07:43:34.198+0000] {task_command.py:410} INFO - Running <TaskInstance: naver_flight_pipeline.process_and_upload manual__2025-01-31T07:43:13.655222+00:00 [running]> on host 3f33197bb456
[2025-01-31T07:43:34.244+0000] {taskinstance.py:1547} INFO - Exporting env vars: AIRFLOW_CTX_DAG_OWNER='***' AIRFLOW_CTX_DAG_ID='naver_flight_pipeline' AIRFLOW_CTX_TASK_ID='process_and_upload' AIRFLOW_CTX_EXECUTION_DATE='2025-01-31T07:43:13.655222+00:00' AIRFLOW_CTX_TRY_NUMBER='1' AIRFLOW_CTX_DAG_RUN_ID='manual__2025-01-31T07:43:13.655222+00:00'
[2025-01-31T07:43:34.249+0000] {base.py:73} INFO - Using connection ID 'google_cloud_default' for task execution.
[2025-01-31T07:43:51.351+0000] {logging_mixin.py:150} INFO - [ERROR] flights가 리스트가 아님: <class 'dict'>, 변환을 시도
[2025-01-31T07:43:51.352+0000] {logging_mixin.py:150} INFO - [ERROR] flights가 리스트가 아님: <class 'dict'>, 변환을 시도
[2025-01-31T07:43:51.352+0000] {logging_mixin.py:150} INFO - [ERROR] flights가 리스트가 아님: <class 'dict'>, 변환을 시도
[2025-01-31T07:43:51.352+0000] {logging_mixin.py:150} INFO - [ERROR] flights가 리스트가 아님: <class 'dict'>, 변환을 시도
[2025-01-31T07:43:51.353+0000] {logging_mixin.py:150} INFO - [ERROR] flights가 리스트가 아님: <class 'dict'>, 변환을 시도
[2025-01-31T07:43:51.353+0000] {logging_mixin.py:150} INFO - [ERROR] flights가 리스트가 아님: <class 'dict'>, 변환을 시도
[2025-01-31T07:43:51.353+0000] {logging_mixin.py:150} INFO - [ERROR] flights가 리스트가 아님: <class 'dict'>, 변환을 시도
[2025-01-31T07:43:51.353+0000] {logging_mixin.py:150} INFO - [ERROR] flights가 리스트가 아님: <class 'dict'>, 변환을 시도
[2025-01-31T07:43:51.353+0000] {logging_mixin.py:150} INFO - [ERROR] flights가 리스트가 아님: <class 'dict'>, 변환을 시도
[2025-01-31T07:43:51.353+0000] {logging_mixin.py:150} INFO - [ERROR] flights가 리스트가 아님: <class 'dict'>, 변환을 시도
[2025-01-31T07:43:51.353+0000] {logging_mixin.py:150} INFO - [ERROR] flights가 리스트가 아님: <class 'dict'>, 변환을 시도
[2025-01-31T07:43:51.353+0000] {logging_mixin.py:150} INFO - [ERROR] flights가 리스트가 아님: <class 'dict'>, 변환을 시도
[2025-01-31T07:43:51.353+0000] {logging_mixin.py:150} INFO - [ERROR] flights가 리스트가 아님: <class 'dict'>, 변환을 시도
[2025-01-31T07:43:51.353+0000] {logging_mixin.py:150} INFO - [ERROR] flights가 리스트가 아님: <class 'dict'>, 변환을 시도
[2025-01-31T07:43:51.353+0000] {logging_mixin.py:150} INFO - [ERROR] flights가 리스트가 아님: <class 'dict'>, 변환을 시도
[2025-01-31T07:43:51.353+0000] {logging_mixin.py:150} INFO - [ERROR] flights가 리스트가 아님: <class 'dict'>, 변환을 시도
[2025-01-31T07:43:51.353+0000] {logging_mixin.py:150} INFO - [ERROR] flights가 리스트가 아님: <class 'dict'>, 변환을 시도
[2025-01-31T07:43:51.353+0000] {logging_mixin.py:150} INFO - [ERROR] flights가 리스트가 아님: <class 'dict'>, 변환을 시도
[2025-01-31T07:43:51.354+0000] {logging_mixin.py:150} INFO - [ERROR] flights가 리스트가 아님: <class 'dict'>, 변환을 시도
[2025-01-31T07:43:51.354+0000] {logging_mixin.py:150} INFO - [ERROR] flights가 리스트가 아님: <class 'dict'>, 변환을 시도
[2025-01-31T07:43:51.354+0000] {logging_mixin.py:150} INFO - [ERROR] flights가 리스트가 아님: <class 'dict'>, 변환을 시도
[2025-01-31T07:43:51.354+0000] {logging_mixin.py:150} INFO - [ERROR] flights가 리스트가 아님: <class 'dict'>, 변환을 시도
[2025-01-31T07:43:51.354+0000] {logging_mixin.py:150} INFO - [ERROR] flights가 리스트가 아님: <class 'dict'>, 변환을 시도
[2025-01-31T07:43:51.354+0000] {logging_mixin.py:150} INFO - [ERROR] flights가 리스트가 아님: <class 'dict'>, 변환을 시도
[2025-01-31T07:43:51.354+0000] {logging_mixin.py:150} INFO - [ERROR] flights가 리스트가 아님: <class 'dict'>, 변환을 시도
[2025-01-31T07:43:51.354+0000] {logging_mixin.py:150} INFO - [ERROR] flights가 리스트가 아님: <class 'dict'>, 변환을 시도
[2025-01-31T07:43:51.354+0000] {logging_mixin.py:150} INFO - [ERROR] flights가 리스트가 아님: <class 'dict'>, 변환을 시도
[2025-01-31T07:43:51.354+0000] {logging_mixin.py:150} INFO - [ERROR] flights가 리스트가 아님: <class 'dict'>, 변환을 시도
[2025-01-31T07:43:51.354+0000] {logging_mixin.py:150} INFO - [ERROR] flights가 리스트가 아님: <class 'dict'>, 변환을 시도
[2025-01-31T07:43:51.354+0000] {logging_mixin.py:150} INFO - [ERROR] flights가 리스트가 아님: <class 'dict'>, 변환을 시도
[2025-01-31T07:43:51.354+0000] {logging_mixin.py:150} INFO - [ERROR] flights가 리스트가 아님: <class 'dict'>, 변환을 시도
[2025-01-31T07:43:51.354+0000] {logging_mixin.py:150} INFO - [ERROR] flights가 리스트가 아님: <class 'dict'>, 변환을 시도
[2025-01-31T07:43:51.354+0000] {logging_mixin.py:150} INFO - [ERROR] flights가 리스트가 아님: <class 'dict'>, 변환을 시도
[2025-01-31T07:43:51.354+0000] {logging_mixin.py:150} INFO - [ERROR] flights가 리스트가 아님: <class 'dict'>, 변환을 시도
[2025-01-31T07:43:51.355+0000] {logging_mixin.py:150} INFO - [ERROR] flights가 리스트가 아님: <class 'dict'>, 변환을 시도
[2025-01-31T07:43:51.355+0000] {logging_mixin.py:150} INFO - [ERROR] flights가 리스트가 아님: <class 'dict'>, 변환을 시도
[2025-01-31T07:43:51.355+0000] {logging_mixin.py:150} INFO - [ERROR] flights가 리스트가 아님: <class 'dict'>, 변환을 시도
[2025-01-31T07:43:51.355+0000] {logging_mixin.py:150} INFO - [ERROR] flights가 리스트가 아님: <class 'dict'>, 변환을 시도
[2025-01-31T07:43:51.355+0000] {logging_mixin.py:150} INFO - [ERROR] flights가 리스트가 아님: <class 'dict'>, 변환을 시도
[2025-01-31T07:43:51.355+0000] {logging_mixin.py:150} INFO - [ERROR] flights가 리스트가 아님: <class 'dict'>, 변환을 시도
[2025-01-31T07:43:51.355+0000] {logging_mixin.py:150} INFO - [ERROR] flights가 리스트가 아님: <class 'dict'>, 변환을 시도
[2025-01-31T07:43:51.355+0000] {logging_mixin.py:150} INFO - [ERROR] flights가 리스트가 아님: <class 'dict'>, 변환을 시도
[2025-01-31T07:43:51.355+0000] {logging_mixin.py:150} INFO - [ERROR] flights가 리스트가 아님: <class 'dict'>, 변환을 시도
[2025-01-31T07:43:51.355+0000] {logging_mixin.py:150} INFO - [ERROR] flights가 리스트가 아님: <class 'dict'>, 변환을 시도
[2025-01-31T07:43:51.355+0000] {logging_mixin.py:150} INFO - [ERROR] flights가 리스트가 아님: <class 'dict'>, 변환을 시도
[2025-01-31T07:43:51.355+0000] {logging_mixin.py:150} INFO - [ERROR] flights가 리스트가 아님: <class 'dict'>, 변환을 시도
[2025-01-31T07:43:51.355+0000] {logging_mixin.py:150} INFO - [ERROR] flights가 리스트가 아님: <class 'dict'>, 변환을 시도
[2025-01-31T07:43:51.355+0000] {logging_mixin.py:150} INFO - [ERROR] flights가 리스트가 아님: <class 'dict'>, 변환을 시도
[2025-01-31T07:43:51.355+0000] {logging_mixin.py:150} INFO - [ERROR] flights가 리스트가 아님: <class 'dict'>, 변환을 시도
[2025-01-31T07:43:51.355+0000] {logging_mixin.py:150} INFO - [ERROR] flights가 리스트가 아님: <class 'dict'>, 변환을 시도
[2025-01-31T07:43:51.356+0000] {logging_mixin.py:150} INFO - [ERROR] flights가 리스트가 아님: <class 'dict'>, 변환을 시도
[2025-01-31T07:43:51.356+0000] {logging_mixin.py:150} INFO - [ERROR] flights가 리스트가 아님: <class 'dict'>, 변환을 시도
[2025-01-31T07:43:51.356+0000] {logging_mixin.py:150} INFO - [ERROR] flights가 리스트가 아님: <class 'dict'>, 변환을 시도
[2025-01-31T07:43:51.356+0000] {logging_mixin.py:150} INFO - [ERROR] flights가 리스트가 아님: <class 'dict'>, 변환을 시도
[2025-01-31T07:43:51.356+0000] {logging_mixin.py:150} INFO - [ERROR] flights가 리스트가 아님: <class 'dict'>, 변환을 시도
[2025-01-31T07:43:51.356+0000] {logging_mixin.py:150} INFO - [ERROR] flights가 리스트가 아님: <class 'dict'>, 변환을 시도
[2025-01-31T07:43:51.356+0000] {logging_mixin.py:150} INFO - [ERROR] flights가 리스트가 아님: <class 'dict'>, 변환을 시도
[2025-01-31T07:43:51.356+0000] {logging_mixin.py:150} INFO - [ERROR] flights가 리스트가 아님: <class 'dict'>, 변환을 시도
[2025-01-31T07:43:51.356+0000] {logging_mixin.py:150} INFO - [ERROR] flights가 리스트가 아님: <class 'dict'>, 변환을 시도
[2025-01-31T07:43:51.356+0000] {logging_mixin.py:150} INFO - [ERROR] flights가 리스트가 아님: <class 'dict'>, 변환을 시도
[2025-01-31T07:43:51.356+0000] {logging_mixin.py:150} INFO - [ERROR] flights가 리스트가 아님: <class 'dict'>, 변환을 시도
[2025-01-31T07:43:51.356+0000] {logging_mixin.py:150} INFO - [ERROR] flights가 리스트가 아님: <class 'dict'>, 변환을 시도
[2025-01-31T07:43:51.356+0000] {logging_mixin.py:150} INFO - [ERROR] flights가 리스트가 아님: <class 'dict'>, 변환을 시도
[2025-01-31T07:43:51.356+0000] {logging_mixin.py:150} INFO - [ERROR] flights가 리스트가 아님: <class 'dict'>, 변환을 시도
[2025-01-31T07:43:51.356+0000] {logging_mixin.py:150} INFO - [ERROR] flights가 리스트가 아님: <class 'dict'>, 변환을 시도
[2025-01-31T07:43:51.356+0000] {logging_mixin.py:150} INFO - [ERROR] flights가 리스트가 아님: <class 'dict'>, 변환을 시도
[2025-01-31T07:43:51.357+0000] {logging_mixin.py:150} INFO - [ERROR] flights가 리스트가 아님: <class 'dict'>, 변환을 시도
[2025-01-31T07:43:51.357+0000] {logging_mixin.py:150} INFO - [ERROR] flights가 리스트가 아님: <class 'dict'>, 변환을 시도
[2025-01-31T07:43:51.357+0000] {logging_mixin.py:150} INFO - [ERROR] flights가 리스트가 아님: <class 'dict'>, 변환을 시도
[2025-01-31T07:43:51.357+0000] {logging_mixin.py:150} INFO - [ERROR] flights가 리스트가 아님: <class 'dict'>, 변환을 시도
[2025-01-31T07:43:51.357+0000] {logging_mixin.py:150} INFO - [ERROR] flights가 리스트가 아님: <class 'dict'>, 변환을 시도
[2025-01-31T07:43:51.357+0000] {logging_mixin.py:150} INFO - [ERROR] flights가 리스트가 아님: <class 'dict'>, 변환을 시도
[2025-01-31T07:43:51.357+0000] {logging_mixin.py:150} INFO - [ERROR] flights가 리스트가 아님: <class 'dict'>, 변환을 시도
[2025-01-31T07:43:51.357+0000] {logging_mixin.py:150} INFO - [ERROR] flights가 리스트가 아님: <class 'dict'>, 변환을 시도
[2025-01-31T07:43:51.357+0000] {logging_mixin.py:150} INFO - [ERROR] flights가 리스트가 아님: <class 'dict'>, 변환을 시도
[2025-01-31T07:43:51.357+0000] {logging_mixin.py:150} INFO - [ERROR] flights가 리스트가 아님: <class 'dict'>, 변환을 시도
[2025-01-31T07:43:51.357+0000] {logging_mixin.py:150} INFO - [ERROR] flights가 리스트가 아님: <class 'dict'>, 변환을 시도
[2025-01-31T07:43:51.357+0000] {logging_mixin.py:150} INFO - [ERROR] flights가 리스트가 아님: <class 'dict'>, 변환을 시도
[2025-01-31T07:43:51.357+0000] {logging_mixin.py:150} INFO - [ERROR] flights가 리스트가 아님: <class 'dict'>, 변환을 시도
[2025-01-31T07:43:51.357+0000] {logging_mixin.py:150} INFO - [ERROR] flights가 리스트가 아님: <class 'dict'>, 변환을 시도
[2025-01-31T07:43:51.357+0000] {logging_mixin.py:150} INFO - [ERROR] flights가 리스트가 아님: <class 'dict'>, 변환을 시도
[2025-01-31T07:43:51.358+0000] {logging_mixin.py:150} INFO - [ERROR] flights가 리스트가 아님: <class 'dict'>, 변환을 시도
[2025-01-31T07:43:51.358+0000] {logging_mixin.py:150} INFO - [ERROR] flights가 리스트가 아님: <class 'dict'>, 변환을 시도
[2025-01-31T07:43:51.358+0000] {logging_mixin.py:150} INFO - [ERROR] flights가 리스트가 아님: <class 'dict'>, 변환을 시도
[2025-01-31T07:43:51.358+0000] {logging_mixin.py:150} INFO - [ERROR] flights가 리스트가 아님: <class 'dict'>, 변환을 시도
[2025-01-31T07:43:51.358+0000] {logging_mixin.py:150} INFO - [ERROR] flights가 리스트가 아님: <class 'dict'>, 변환을 시도
[2025-01-31T07:43:51.358+0000] {logging_mixin.py:150} INFO - [ERROR] flights가 리스트가 아님: <class 'dict'>, 변환을 시도
[2025-01-31T07:43:51.358+0000] {logging_mixin.py:150} INFO - [ERROR] flights가 리스트가 아님: <class 'dict'>, 변환을 시도
[2025-01-31T07:43:51.358+0000] {logging_mixin.py:150} INFO - [ERROR] flights가 리스트가 아님: <class 'dict'>, 변환을 시도
[2025-01-31T07:43:51.358+0000] {logging_mixin.py:150} INFO - [ERROR] flights가 리스트가 아님: <class 'dict'>, 변환을 시도
[2025-01-31T07:43:51.358+0000] {logging_mixin.py:150} INFO - [ERROR] flights가 리스트가 아님: <class 'dict'>, 변환을 시도
[2025-01-31T07:43:51.358+0000] {logging_mixin.py:150} INFO - [ERROR] flights가 리스트가 아님: <class 'dict'>, 변환을 시도
[2025-01-31T07:43:51.358+0000] {logging_mixin.py:150} INFO - [ERROR] flights가 리스트가 아님: <class 'dict'>, 변환을 시도
[2025-01-31T07:43:51.358+0000] {logging_mixin.py:150} INFO - [ERROR] flights가 리스트가 아님: <class 'dict'>, 변환을 시도
[2025-01-31T07:43:51.358+0000] {logging_mixin.py:150} INFO - [ERROR] flights가 리스트가 아님: <class 'dict'>, 변환을 시도
[2025-01-31T07:43:51.358+0000] {logging_mixin.py:150} INFO - [ERROR] flights가 리스트가 아님: <class 'dict'>, 변환을 시도
[2025-01-31T07:43:51.359+0000] {logging_mixin.py:150} INFO - [ERROR] flights가 리스트가 아님: <class 'dict'>, 변환을 시도
[2025-01-31T07:43:51.359+0000] {logging_mixin.py:150} INFO - [ERROR] flights가 리스트가 아님: <class 'dict'>, 변환을 시도
[2025-01-31T07:43:51.359+0000] {logging_mixin.py:150} INFO - [ERROR] flights가 리스트가 아님: <class 'dict'>, 변환을 시도
[2025-01-31T07:43:51.359+0000] {logging_mixin.py:150} INFO - [ERROR] flights가 리스트가 아님: <class 'dict'>, 변환을 시도
[2025-01-31T07:43:51.359+0000] {logging_mixin.py:150} INFO - [ERROR] flights가 리스트가 아님: <class 'dict'>, 변환을 시도
[2025-01-31T07:43:51.359+0000] {logging_mixin.py:150} INFO - [ERROR] flights가 리스트가 아님: <class 'dict'>, 변환을 시도
[2025-01-31T07:43:51.359+0000] {logging_mixin.py:150} INFO - [ERROR] flights가 리스트가 아님: <class 'dict'>, 변환을 시도
[2025-01-31T07:43:51.359+0000] {logging_mixin.py:150} INFO - [ERROR] flights가 리스트가 아님: <class 'dict'>, 변환을 시도
[2025-01-31T07:43:51.359+0000] {logging_mixin.py:150} INFO - [ERROR] flights가 리스트가 아님: <class 'dict'>, 변환을 시도
[2025-01-31T07:43:51.359+0000] {logging_mixin.py:150} INFO - [ERROR] flights가 리스트가 아님: <class 'dict'>, 변환을 시도
[2025-01-31T07:43:51.359+0000] {logging_mixin.py:150} INFO - [ERROR] flights가 리스트가 아님: <class 'dict'>, 변환을 시도
[2025-01-31T07:43:51.359+0000] {logging_mixin.py:150} INFO - [ERROR] flights가 리스트가 아님: <class 'dict'>, 변환을 시도
[2025-01-31T07:43:51.359+0000] {logging_mixin.py:150} INFO - [ERROR] flights가 리스트가 아님: <class 'dict'>, 변환을 시도
[2025-01-31T07:43:51.359+0000] {logging_mixin.py:150} INFO - [ERROR] flights가 리스트가 아님: <class 'dict'>, 변환을 시도
[2025-01-31T07:43:51.359+0000] {logging_mixin.py:150} INFO - [ERROR] flights가 리스트가 아님: <class 'dict'>, 변환을 시도
[2025-01-31T07:43:51.359+0000] {logging_mixin.py:150} INFO - [ERROR] flights가 리스트가 아님: <class 'dict'>, 변환을 시도
[2025-01-31T07:43:51.360+0000] {logging_mixin.py:150} INFO - [ERROR] flights가 리스트가 아님: <class 'dict'>, 변환을 시도
[2025-01-31T07:43:51.360+0000] {logging_mixin.py:150} INFO - [ERROR] flights가 리스트가 아님: <class 'dict'>, 변환을 시도
[2025-01-31T07:43:51.360+0000] {logging_mixin.py:150} INFO - [ERROR] flights가 리스트가 아님: <class 'dict'>, 변환을 시도
[2025-01-31T07:43:51.360+0000] {logging_mixin.py:150} INFO - [ERROR] flights가 리스트가 아님: <class 'dict'>, 변환을 시도
[2025-01-31T07:43:51.360+0000] {logging_mixin.py:150} INFO - [ERROR] flights가 리스트가 아님: <class 'dict'>, 변환을 시도
[2025-01-31T07:43:51.360+0000] {logging_mixin.py:150} INFO - [ERROR] flights가 리스트가 아님: <class 'dict'>, 변환을 시도
[2025-01-31T07:43:51.360+0000] {logging_mixin.py:150} INFO - [ERROR] flights가 리스트가 아님: <class 'dict'>, 변환을 시도
[2025-01-31T07:43:51.360+0000] {logging_mixin.py:150} INFO - [ERROR] flights가 리스트가 아님: <class 'dict'>, 변환을 시도
[2025-01-31T07:43:51.360+0000] {logging_mixin.py:150} INFO - [ERROR] flights가 리스트가 아님: <class 'dict'>, 변환을 시도
[2025-01-31T07:43:51.360+0000] {logging_mixin.py:150} INFO - [ERROR] flights가 리스트가 아님: <class 'dict'>, 변환을 시도
[2025-01-31T07:43:51.360+0000] {logging_mixin.py:150} INFO - [ERROR] flights가 리스트가 아님: <class 'dict'>, 변환을 시도
[2025-01-31T07:43:51.360+0000] {logging_mixin.py:150} INFO - [ERROR] flights가 리스트가 아님: <class 'dict'>, 변환을 시도
[2025-01-31T07:43:51.360+0000] {logging_mixin.py:150} INFO - [ERROR] flights가 리스트가 아님: <class 'dict'>, 변환을 시도
[2025-01-31T07:43:51.360+0000] {logging_mixin.py:150} INFO - [ERROR] flights가 리스트가 아님: <class 'dict'>, 변환을 시도
[2025-01-31T07:43:51.360+0000] {logging_mixin.py:150} INFO - [ERROR] flights가 리스트가 아님: <class 'dict'>, 변환을 시도
[2025-01-31T07:43:51.360+0000] {logging_mixin.py:150} INFO - [ERROR] flights가 리스트가 아님: <class 'dict'>, 변환을 시도
[2025-01-31T07:43:51.361+0000] {logging_mixin.py:150} INFO - [ERROR] flights가 리스트가 아님: <class 'dict'>, 변환을 시도
[2025-01-31T07:43:51.361+0000] {logging_mixin.py:150} INFO - [ERROR] flights가 리스트가 아님: <class 'dict'>, 변환을 시도
[2025-01-31T07:43:51.361+0000] {logging_mixin.py:150} INFO - [ERROR] flights가 리스트가 아님: <class 'dict'>, 변환을 시도
[2025-01-31T07:43:51.361+0000] {logging_mixin.py:150} INFO - [ERROR] flights가 리스트가 아님: <class 'dict'>, 변환을 시도
[2025-01-31T07:43:51.361+0000] {logging_mixin.py:150} INFO - [ERROR] flights가 리스트가 아님: <class 'dict'>, 변환을 시도
[2025-01-31T07:43:51.361+0000] {logging_mixin.py:150} INFO - [ERROR] flights가 리스트가 아님: <class 'dict'>, 변환을 시도
[2025-01-31T07:43:51.361+0000] {logging_mixin.py:150} INFO - [ERROR] flights가 리스트가 아님: <class 'dict'>, 변환을 시도
[2025-01-31T07:43:51.361+0000] {logging_mixin.py:150} INFO - [ERROR] flights가 리스트가 아님: <class 'dict'>, 변환을 시도
[2025-01-31T07:43:51.361+0000] {logging_mixin.py:150} INFO - [ERROR] flights가 리스트가 아님: <class 'dict'>, 변환을 시도
[2025-01-31T07:43:51.361+0000] {logging_mixin.py:150} INFO - [ERROR] flights가 리스트가 아님: <class 'dict'>, 변환을 시도
[2025-01-31T07:43:51.361+0000] {logging_mixin.py:150} INFO - [ERROR] flights가 리스트가 아님: <class 'dict'>, 변환을 시도
[2025-01-31T07:43:51.361+0000] {logging_mixin.py:150} INFO - [ERROR] flights가 리스트가 아님: <class 'dict'>, 변환을 시도
[2025-01-31T07:43:51.361+0000] {logging_mixin.py:150} INFO - [ERROR] flights가 리스트가 아님: <class 'dict'>, 변환을 시도
[2025-01-31T07:43:51.361+0000] {logging_mixin.py:150} INFO - [ERROR] flights가 리스트가 아님: <class 'dict'>, 변환을 시도
[2025-01-31T07:43:51.361+0000] {logging_mixin.py:150} INFO - [ERROR] flights가 리스트가 아님: <class 'dict'>, 변환을 시도
[2025-01-31T07:43:51.362+0000] {logging_mixin.py:150} INFO - [ERROR] flights가 리스트가 아님: <class 'dict'>, 변환을 시도
[2025-01-31T07:43:51.362+0000] {logging_mixin.py:150} INFO - [ERROR] flights가 리스트가 아님: <class 'dict'>, 변환을 시도
[2025-01-31T07:43:51.362+0000] {logging_mixin.py:150} INFO - [ERROR] flights가 리스트가 아님: <class 'dict'>, 변환을 시도
[2025-01-31T07:43:51.362+0000] {logging_mixin.py:150} INFO - [ERROR] flights가 리스트가 아님: <class 'dict'>, 변환을 시도
[2025-01-31T07:43:51.362+0000] {logging_mixin.py:150} INFO - [ERROR] flights가 리스트가 아님: <class 'dict'>, 변환을 시도
[2025-01-31T07:43:51.362+0000] {logging_mixin.py:150} INFO - [ERROR] flights가 리스트가 아님: <class 'dict'>, 변환을 시도
[2025-01-31T07:43:51.365+0000] {logging_mixin.py:150} INFO - [INFO] No valid records found after parsing.
[2025-01-31T07:43:51.367+0000] {python.py:183} INFO - Done. Returned value was: None
[2025-01-31T07:43:51.385+0000] {taskinstance.py:1350} INFO - Marking task as SUCCESS. dag_id=naver_flight_pipeline, task_id=process_and_upload, execution_date=20250131T074313, start_date=20250131T074334, end_date=20250131T074351
[2025-01-31T07:43:51.433+0000] {local_task_job_runner.py:225} INFO - Task exited with return code 0
[2025-01-31T07:43:51.451+0000] {taskinstance.py:2653} INFO - 0 downstream tasks scheduled from follow-on schedule check
