[2025-01-31T01:22:32.520+0000] {processor.py:157} INFO - Started process (PID=163) to work on /opt/airflow/dags/cleanup_airflow_db.py
[2025-01-31T01:22:32.522+0000] {processor.py:826} INFO - Processing file /opt/airflow/dags/cleanup_airflow_db.py for tasks to queue
[2025-01-31T01:22:32.523+0000] {logging_mixin.py:150} INFO - [2025-01-31T01:22:32.522+0000] {dagbag.py:541} INFO - Filling up the DagBag from /opt/airflow/dags/cleanup_airflow_db.py
[2025-01-31T01:22:32.560+0000] {processor.py:836} INFO - DAG(s) dict_keys(['cleanup_airflow_db']) retrieved from /opt/airflow/dags/cleanup_airflow_db.py
[2025-01-31T01:22:32.696+0000] {logging_mixin.py:150} INFO - [2025-01-31T01:22:32.696+0000] {dag.py:2742} INFO - Sync 1 DAGs
[2025-01-31T01:22:32.739+0000] {logging_mixin.py:150} INFO - [2025-01-31T01:22:32.739+0000] {dag.py:3508} INFO - Setting next_dagrun for cleanup_airflow_db to 2025-02-01T15:00:00+00:00, run_after=2025-02-08T15:00:00+00:00
[2025-01-31T01:22:32.761+0000] {processor.py:179} INFO - Processing /opt/airflow/dags/cleanup_airflow_db.py took 0.246 seconds
[2025-01-31T01:23:03.671+0000] {processor.py:157} INFO - Started process (PID=175) to work on /opt/airflow/dags/cleanup_airflow_db.py
[2025-01-31T01:23:03.675+0000] {processor.py:826} INFO - Processing file /opt/airflow/dags/cleanup_airflow_db.py for tasks to queue
[2025-01-31T01:23:03.686+0000] {logging_mixin.py:150} INFO - [2025-01-31T01:23:03.684+0000] {dagbag.py:541} INFO - Filling up the DagBag from /opt/airflow/dags/cleanup_airflow_db.py
[2025-01-31T01:23:03.753+0000] {processor.py:836} INFO - DAG(s) dict_keys(['cleanup_airflow_db']) retrieved from /opt/airflow/dags/cleanup_airflow_db.py
[2025-01-31T01:23:03.921+0000] {logging_mixin.py:150} INFO - [2025-01-31T01:23:03.921+0000] {dag.py:2742} INFO - Sync 1 DAGs
[2025-01-31T01:23:03.949+0000] {logging_mixin.py:150} INFO - [2025-01-31T01:23:03.949+0000] {dag.py:3508} INFO - Setting next_dagrun for cleanup_airflow_db to 2025-02-01T15:00:00+00:00, run_after=2025-02-08T15:00:00+00:00
[2025-01-31T01:23:03.978+0000] {processor.py:179} INFO - Processing /opt/airflow/dags/cleanup_airflow_db.py took 0.328 seconds
[2025-01-31T01:23:34.426+0000] {processor.py:157} INFO - Started process (PID=187) to work on /opt/airflow/dags/cleanup_airflow_db.py
[2025-01-31T01:23:34.427+0000] {processor.py:826} INFO - Processing file /opt/airflow/dags/cleanup_airflow_db.py for tasks to queue
[2025-01-31T01:23:34.433+0000] {logging_mixin.py:150} INFO - [2025-01-31T01:23:34.433+0000] {dagbag.py:541} INFO - Filling up the DagBag from /opt/airflow/dags/cleanup_airflow_db.py
[2025-01-31T01:23:34.464+0000] {processor.py:836} INFO - DAG(s) dict_keys(['cleanup_airflow_db']) retrieved from /opt/airflow/dags/cleanup_airflow_db.py
[2025-01-31T01:23:34.599+0000] {logging_mixin.py:150} INFO - [2025-01-31T01:23:34.598+0000] {dag.py:2742} INFO - Sync 1 DAGs
[2025-01-31T01:23:34.620+0000] {logging_mixin.py:150} INFO - [2025-01-31T01:23:34.620+0000] {dag.py:3508} INFO - Setting next_dagrun for cleanup_airflow_db to 2025-02-01T15:00:00+00:00, run_after=2025-02-08T15:00:00+00:00
[2025-01-31T01:23:34.634+0000] {processor.py:179} INFO - Processing /opt/airflow/dags/cleanup_airflow_db.py took 0.216 seconds
[2025-01-31T01:24:04.991+0000] {processor.py:157} INFO - Started process (PID=197) to work on /opt/airflow/dags/cleanup_airflow_db.py
[2025-01-31T01:24:04.992+0000] {processor.py:826} INFO - Processing file /opt/airflow/dags/cleanup_airflow_db.py for tasks to queue
[2025-01-31T01:24:04.996+0000] {logging_mixin.py:150} INFO - [2025-01-31T01:24:04.996+0000] {dagbag.py:541} INFO - Filling up the DagBag from /opt/airflow/dags/cleanup_airflow_db.py
[2025-01-31T01:24:05.016+0000] {processor.py:836} INFO - DAG(s) dict_keys(['cleanup_airflow_db']) retrieved from /opt/airflow/dags/cleanup_airflow_db.py
[2025-01-31T01:24:05.154+0000] {logging_mixin.py:150} INFO - [2025-01-31T01:24:05.154+0000] {dag.py:2742} INFO - Sync 1 DAGs
[2025-01-31T01:24:05.175+0000] {logging_mixin.py:150} INFO - [2025-01-31T01:24:05.175+0000] {dag.py:3508} INFO - Setting next_dagrun for cleanup_airflow_db to 2025-02-01T15:00:00+00:00, run_after=2025-02-08T15:00:00+00:00
[2025-01-31T01:24:05.193+0000] {processor.py:179} INFO - Processing /opt/airflow/dags/cleanup_airflow_db.py took 0.210 seconds
[2025-01-31T01:24:35.625+0000] {processor.py:157} INFO - Started process (PID=207) to work on /opt/airflow/dags/cleanup_airflow_db.py
[2025-01-31T01:24:35.627+0000] {processor.py:826} INFO - Processing file /opt/airflow/dags/cleanup_airflow_db.py for tasks to queue
[2025-01-31T01:24:35.632+0000] {logging_mixin.py:150} INFO - [2025-01-31T01:24:35.632+0000] {dagbag.py:541} INFO - Filling up the DagBag from /opt/airflow/dags/cleanup_airflow_db.py
[2025-01-31T01:24:35.657+0000] {processor.py:836} INFO - DAG(s) dict_keys(['cleanup_airflow_db']) retrieved from /opt/airflow/dags/cleanup_airflow_db.py
[2025-01-31T01:24:35.783+0000] {logging_mixin.py:150} INFO - [2025-01-31T01:24:35.783+0000] {dag.py:2742} INFO - Sync 1 DAGs
[2025-01-31T01:24:35.808+0000] {logging_mixin.py:150} INFO - [2025-01-31T01:24:35.807+0000] {dag.py:3508} INFO - Setting next_dagrun for cleanup_airflow_db to 2025-02-01T15:00:00+00:00, run_after=2025-02-08T15:00:00+00:00
[2025-01-31T01:24:35.823+0000] {processor.py:179} INFO - Processing /opt/airflow/dags/cleanup_airflow_db.py took 0.209 seconds
[2025-01-31T01:25:06.035+0000] {processor.py:157} INFO - Started process (PID=217) to work on /opt/airflow/dags/cleanup_airflow_db.py
[2025-01-31T01:25:06.037+0000] {processor.py:826} INFO - Processing file /opt/airflow/dags/cleanup_airflow_db.py for tasks to queue
[2025-01-31T01:25:06.042+0000] {logging_mixin.py:150} INFO - [2025-01-31T01:25:06.042+0000] {dagbag.py:541} INFO - Filling up the DagBag from /opt/airflow/dags/cleanup_airflow_db.py
[2025-01-31T01:25:06.064+0000] {processor.py:836} INFO - DAG(s) dict_keys(['cleanup_airflow_db']) retrieved from /opt/airflow/dags/cleanup_airflow_db.py
[2025-01-31T01:25:06.185+0000] {logging_mixin.py:150} INFO - [2025-01-31T01:25:06.185+0000] {dag.py:2742} INFO - Sync 1 DAGs
[2025-01-31T01:25:06.204+0000] {logging_mixin.py:150} INFO - [2025-01-31T01:25:06.204+0000] {dag.py:3508} INFO - Setting next_dagrun for cleanup_airflow_db to 2025-02-01T15:00:00+00:00, run_after=2025-02-08T15:00:00+00:00
[2025-01-31T01:25:06.226+0000] {processor.py:179} INFO - Processing /opt/airflow/dags/cleanup_airflow_db.py took 0.202 seconds
[2025-01-31T01:25:36.703+0000] {processor.py:157} INFO - Started process (PID=227) to work on /opt/airflow/dags/cleanup_airflow_db.py
[2025-01-31T01:25:36.706+0000] {processor.py:826} INFO - Processing file /opt/airflow/dags/cleanup_airflow_db.py for tasks to queue
[2025-01-31T01:25:36.711+0000] {logging_mixin.py:150} INFO - [2025-01-31T01:25:36.711+0000] {dagbag.py:541} INFO - Filling up the DagBag from /opt/airflow/dags/cleanup_airflow_db.py
[2025-01-31T01:25:36.744+0000] {processor.py:836} INFO - DAG(s) dict_keys(['cleanup_airflow_db']) retrieved from /opt/airflow/dags/cleanup_airflow_db.py
[2025-01-31T01:25:36.892+0000] {logging_mixin.py:150} INFO - [2025-01-31T01:25:36.891+0000] {dag.py:2742} INFO - Sync 1 DAGs
[2025-01-31T01:25:36.917+0000] {logging_mixin.py:150} INFO - [2025-01-31T01:25:36.916+0000] {dag.py:3508} INFO - Setting next_dagrun for cleanup_airflow_db to 2025-02-01T15:00:00+00:00, run_after=2025-02-08T15:00:00+00:00
[2025-01-31T01:25:36.952+0000] {processor.py:179} INFO - Processing /opt/airflow/dags/cleanup_airflow_db.py took 0.260 seconds
[2025-01-31T01:26:07.332+0000] {processor.py:157} INFO - Started process (PID=237) to work on /opt/airflow/dags/cleanup_airflow_db.py
[2025-01-31T01:26:07.333+0000] {processor.py:826} INFO - Processing file /opt/airflow/dags/cleanup_airflow_db.py for tasks to queue
[2025-01-31T01:26:07.335+0000] {logging_mixin.py:150} INFO - [2025-01-31T01:26:07.335+0000] {dagbag.py:541} INFO - Filling up the DagBag from /opt/airflow/dags/cleanup_airflow_db.py
[2025-01-31T01:26:07.349+0000] {processor.py:836} INFO - DAG(s) dict_keys(['cleanup_airflow_db']) retrieved from /opt/airflow/dags/cleanup_airflow_db.py
[2025-01-31T01:26:07.439+0000] {logging_mixin.py:150} INFO - [2025-01-31T01:26:07.438+0000] {dag.py:2742} INFO - Sync 1 DAGs
[2025-01-31T01:26:07.456+0000] {logging_mixin.py:150} INFO - [2025-01-31T01:26:07.456+0000] {dag.py:3508} INFO - Setting next_dagrun for cleanup_airflow_db to 2025-02-01T15:00:00+00:00, run_after=2025-02-08T15:00:00+00:00
[2025-01-31T01:26:07.479+0000] {processor.py:179} INFO - Processing /opt/airflow/dags/cleanup_airflow_db.py took 0.153 seconds
[2025-01-31T01:26:37.855+0000] {processor.py:157} INFO - Started process (PID=247) to work on /opt/airflow/dags/cleanup_airflow_db.py
[2025-01-31T01:26:37.857+0000] {processor.py:826} INFO - Processing file /opt/airflow/dags/cleanup_airflow_db.py for tasks to queue
[2025-01-31T01:26:37.864+0000] {logging_mixin.py:150} INFO - [2025-01-31T01:26:37.864+0000] {dagbag.py:541} INFO - Filling up the DagBag from /opt/airflow/dags/cleanup_airflow_db.py
[2025-01-31T01:26:37.907+0000] {processor.py:836} INFO - DAG(s) dict_keys(['cleanup_airflow_db']) retrieved from /opt/airflow/dags/cleanup_airflow_db.py
[2025-01-31T01:26:38.036+0000] {logging_mixin.py:150} INFO - [2025-01-31T01:26:38.035+0000] {dag.py:2742} INFO - Sync 1 DAGs
[2025-01-31T01:26:38.059+0000] {logging_mixin.py:150} INFO - [2025-01-31T01:26:38.059+0000] {dag.py:3508} INFO - Setting next_dagrun for cleanup_airflow_db to 2025-02-01T15:00:00+00:00, run_after=2025-02-08T15:00:00+00:00
[2025-01-31T01:26:38.072+0000] {processor.py:179} INFO - Processing /opt/airflow/dags/cleanup_airflow_db.py took 0.229 seconds
[2025-01-31T01:27:08.445+0000] {processor.py:157} INFO - Started process (PID=257) to work on /opt/airflow/dags/cleanup_airflow_db.py
[2025-01-31T01:27:08.447+0000] {processor.py:826} INFO - Processing file /opt/airflow/dags/cleanup_airflow_db.py for tasks to queue
[2025-01-31T01:27:08.451+0000] {logging_mixin.py:150} INFO - [2025-01-31T01:27:08.451+0000] {dagbag.py:541} INFO - Filling up the DagBag from /opt/airflow/dags/cleanup_airflow_db.py
[2025-01-31T01:27:08.469+0000] {processor.py:836} INFO - DAG(s) dict_keys(['cleanup_airflow_db']) retrieved from /opt/airflow/dags/cleanup_airflow_db.py
[2025-01-31T01:27:08.562+0000] {logging_mixin.py:150} INFO - [2025-01-31T01:27:08.562+0000] {dag.py:2742} INFO - Sync 1 DAGs
[2025-01-31T01:27:08.580+0000] {logging_mixin.py:150} INFO - [2025-01-31T01:27:08.580+0000] {dag.py:3508} INFO - Setting next_dagrun for cleanup_airflow_db to 2025-02-01T15:00:00+00:00, run_after=2025-02-08T15:00:00+00:00
[2025-01-31T01:27:08.599+0000] {processor.py:179} INFO - Processing /opt/airflow/dags/cleanup_airflow_db.py took 0.163 seconds
[2025-01-31T01:27:39.061+0000] {processor.py:157} INFO - Started process (PID=267) to work on /opt/airflow/dags/cleanup_airflow_db.py
[2025-01-31T01:27:39.062+0000] {processor.py:826} INFO - Processing file /opt/airflow/dags/cleanup_airflow_db.py for tasks to queue
[2025-01-31T01:27:39.069+0000] {logging_mixin.py:150} INFO - [2025-01-31T01:27:39.067+0000] {dagbag.py:541} INFO - Filling up the DagBag from /opt/airflow/dags/cleanup_airflow_db.py
[2025-01-31T01:27:39.096+0000] {processor.py:836} INFO - DAG(s) dict_keys(['cleanup_airflow_db']) retrieved from /opt/airflow/dags/cleanup_airflow_db.py
[2025-01-31T01:27:39.219+0000] {logging_mixin.py:150} INFO - [2025-01-31T01:27:39.219+0000] {dag.py:2742} INFO - Sync 1 DAGs
[2025-01-31T01:27:39.238+0000] {logging_mixin.py:150} INFO - [2025-01-31T01:27:39.238+0000] {dag.py:3508} INFO - Setting next_dagrun for cleanup_airflow_db to 2025-02-01T15:00:00+00:00, run_after=2025-02-08T15:00:00+00:00
[2025-01-31T01:27:39.250+0000] {processor.py:179} INFO - Processing /opt/airflow/dags/cleanup_airflow_db.py took 0.200 seconds
[2025-01-31T01:28:09.664+0000] {processor.py:157} INFO - Started process (PID=277) to work on /opt/airflow/dags/cleanup_airflow_db.py
[2025-01-31T01:28:09.666+0000] {processor.py:826} INFO - Processing file /opt/airflow/dags/cleanup_airflow_db.py for tasks to queue
[2025-01-31T01:28:09.671+0000] {logging_mixin.py:150} INFO - [2025-01-31T01:28:09.671+0000] {dagbag.py:541} INFO - Filling up the DagBag from /opt/airflow/dags/cleanup_airflow_db.py
[2025-01-31T01:28:09.690+0000] {processor.py:836} INFO - DAG(s) dict_keys(['cleanup_airflow_db']) retrieved from /opt/airflow/dags/cleanup_airflow_db.py
[2025-01-31T01:28:09.763+0000] {logging_mixin.py:150} INFO - [2025-01-31T01:28:09.763+0000] {dag.py:2742} INFO - Sync 1 DAGs
[2025-01-31T01:28:09.778+0000] {logging_mixin.py:150} INFO - [2025-01-31T01:28:09.778+0000] {dag.py:3508} INFO - Setting next_dagrun for cleanup_airflow_db to 2025-02-01T15:00:00+00:00, run_after=2025-02-08T15:00:00+00:00
[2025-01-31T01:28:09.791+0000] {processor.py:179} INFO - Processing /opt/airflow/dags/cleanup_airflow_db.py took 0.135 seconds
[2025-01-31T01:28:40.224+0000] {processor.py:157} INFO - Started process (PID=287) to work on /opt/airflow/dags/cleanup_airflow_db.py
[2025-01-31T01:28:40.226+0000] {processor.py:826} INFO - Processing file /opt/airflow/dags/cleanup_airflow_db.py for tasks to queue
[2025-01-31T01:28:40.229+0000] {logging_mixin.py:150} INFO - [2025-01-31T01:28:40.229+0000] {dagbag.py:541} INFO - Filling up the DagBag from /opt/airflow/dags/cleanup_airflow_db.py
[2025-01-31T01:28:40.263+0000] {processor.py:836} INFO - DAG(s) dict_keys(['cleanup_airflow_db']) retrieved from /opt/airflow/dags/cleanup_airflow_db.py
[2025-01-31T01:28:40.391+0000] {logging_mixin.py:150} INFO - [2025-01-31T01:28:40.391+0000] {dag.py:2742} INFO - Sync 1 DAGs
[2025-01-31T01:28:40.410+0000] {logging_mixin.py:150} INFO - [2025-01-31T01:28:40.410+0000] {dag.py:3508} INFO - Setting next_dagrun for cleanup_airflow_db to 2025-02-01T15:00:00+00:00, run_after=2025-02-08T15:00:00+00:00
[2025-01-31T01:28:40.425+0000] {processor.py:179} INFO - Processing /opt/airflow/dags/cleanup_airflow_db.py took 0.211 seconds
[2025-01-31T01:29:10.805+0000] {processor.py:157} INFO - Started process (PID=304) to work on /opt/airflow/dags/cleanup_airflow_db.py
[2025-01-31T01:29:10.806+0000] {processor.py:826} INFO - Processing file /opt/airflow/dags/cleanup_airflow_db.py for tasks to queue
[2025-01-31T01:29:10.812+0000] {logging_mixin.py:150} INFO - [2025-01-31T01:29:10.812+0000] {dagbag.py:541} INFO - Filling up the DagBag from /opt/airflow/dags/cleanup_airflow_db.py
[2025-01-31T01:29:10.831+0000] {processor.py:836} INFO - DAG(s) dict_keys(['cleanup_airflow_db']) retrieved from /opt/airflow/dags/cleanup_airflow_db.py
[2025-01-31T01:29:10.921+0000] {logging_mixin.py:150} INFO - [2025-01-31T01:29:10.921+0000] {dag.py:2742} INFO - Sync 1 DAGs
[2025-01-31T01:29:10.936+0000] {logging_mixin.py:150} INFO - [2025-01-31T01:29:10.936+0000] {dag.py:3508} INFO - Setting next_dagrun for cleanup_airflow_db to 2025-02-01T15:00:00+00:00, run_after=2025-02-08T15:00:00+00:00
[2025-01-31T01:29:10.945+0000] {processor.py:179} INFO - Processing /opt/airflow/dags/cleanup_airflow_db.py took 0.148 seconds
[2025-01-31T01:29:41.233+0000] {processor.py:157} INFO - Started process (PID=314) to work on /opt/airflow/dags/cleanup_airflow_db.py
[2025-01-31T01:29:41.234+0000] {processor.py:826} INFO - Processing file /opt/airflow/dags/cleanup_airflow_db.py for tasks to queue
[2025-01-31T01:29:41.238+0000] {logging_mixin.py:150} INFO - [2025-01-31T01:29:41.238+0000] {dagbag.py:541} INFO - Filling up the DagBag from /opt/airflow/dags/cleanup_airflow_db.py
[2025-01-31T01:29:41.253+0000] {processor.py:836} INFO - DAG(s) dict_keys(['cleanup_airflow_db']) retrieved from /opt/airflow/dags/cleanup_airflow_db.py
[2025-01-31T01:29:41.351+0000] {logging_mixin.py:150} INFO - [2025-01-31T01:29:41.351+0000] {dag.py:2742} INFO - Sync 1 DAGs
[2025-01-31T01:29:41.367+0000] {logging_mixin.py:150} INFO - [2025-01-31T01:29:41.366+0000] {dag.py:3508} INFO - Setting next_dagrun for cleanup_airflow_db to 2025-02-01T15:00:00+00:00, run_after=2025-02-08T15:00:00+00:00
[2025-01-31T01:29:41.379+0000] {processor.py:179} INFO - Processing /opt/airflow/dags/cleanup_airflow_db.py took 0.149 seconds
[2025-01-31T01:30:11.806+0000] {processor.py:157} INFO - Started process (PID=324) to work on /opt/airflow/dags/cleanup_airflow_db.py
[2025-01-31T01:30:11.807+0000] {processor.py:826} INFO - Processing file /opt/airflow/dags/cleanup_airflow_db.py for tasks to queue
[2025-01-31T01:30:11.812+0000] {logging_mixin.py:150} INFO - [2025-01-31T01:30:11.812+0000] {dagbag.py:541} INFO - Filling up the DagBag from /opt/airflow/dags/cleanup_airflow_db.py
[2025-01-31T01:30:11.865+0000] {processor.py:836} INFO - DAG(s) dict_keys(['cleanup_airflow_db']) retrieved from /opt/airflow/dags/cleanup_airflow_db.py
[2025-01-31T01:30:11.960+0000] {logging_mixin.py:150} INFO - [2025-01-31T01:30:11.960+0000] {dag.py:2742} INFO - Sync 1 DAGs
[2025-01-31T01:30:11.976+0000] {logging_mixin.py:150} INFO - [2025-01-31T01:30:11.976+0000] {dag.py:3508} INFO - Setting next_dagrun for cleanup_airflow_db to 2025-02-01T15:00:00+00:00, run_after=2025-02-08T15:00:00+00:00
[2025-01-31T01:30:11.987+0000] {processor.py:179} INFO - Processing /opt/airflow/dags/cleanup_airflow_db.py took 0.187 seconds
[2025-01-31T01:30:42.531+0000] {processor.py:157} INFO - Started process (PID=334) to work on /opt/airflow/dags/cleanup_airflow_db.py
[2025-01-31T01:30:42.532+0000] {processor.py:826} INFO - Processing file /opt/airflow/dags/cleanup_airflow_db.py for tasks to queue
[2025-01-31T01:30:42.538+0000] {logging_mixin.py:150} INFO - [2025-01-31T01:30:42.537+0000] {dagbag.py:541} INFO - Filling up the DagBag from /opt/airflow/dags/cleanup_airflow_db.py
[2025-01-31T01:30:42.576+0000] {processor.py:836} INFO - DAG(s) dict_keys(['cleanup_airflow_db']) retrieved from /opt/airflow/dags/cleanup_airflow_db.py
[2025-01-31T01:30:42.772+0000] {logging_mixin.py:150} INFO - [2025-01-31T01:30:42.772+0000] {dag.py:2742} INFO - Sync 1 DAGs
[2025-01-31T01:30:42.791+0000] {logging_mixin.py:150} INFO - [2025-01-31T01:30:42.791+0000] {dag.py:3508} INFO - Setting next_dagrun for cleanup_airflow_db to 2025-02-01T15:00:00+00:00, run_after=2025-02-08T15:00:00+00:00
[2025-01-31T01:30:42.803+0000] {processor.py:179} INFO - Processing /opt/airflow/dags/cleanup_airflow_db.py took 0.283 seconds
[2025-01-31T01:31:13.188+0000] {processor.py:157} INFO - Started process (PID=344) to work on /opt/airflow/dags/cleanup_airflow_db.py
[2025-01-31T01:31:13.190+0000] {processor.py:826} INFO - Processing file /opt/airflow/dags/cleanup_airflow_db.py for tasks to queue
[2025-01-31T01:31:13.196+0000] {logging_mixin.py:150} INFO - [2025-01-31T01:31:13.195+0000] {dagbag.py:541} INFO - Filling up the DagBag from /opt/airflow/dags/cleanup_airflow_db.py
[2025-01-31T01:31:13.218+0000] {processor.py:836} INFO - DAG(s) dict_keys(['cleanup_airflow_db']) retrieved from /opt/airflow/dags/cleanup_airflow_db.py
[2025-01-31T01:31:13.344+0000] {logging_mixin.py:150} INFO - [2025-01-31T01:31:13.344+0000] {dag.py:2742} INFO - Sync 1 DAGs
[2025-01-31T01:31:13.365+0000] {logging_mixin.py:150} INFO - [2025-01-31T01:31:13.365+0000] {dag.py:3508} INFO - Setting next_dagrun for cleanup_airflow_db to 2025-02-01T15:00:00+00:00, run_after=2025-02-08T15:00:00+00:00
[2025-01-31T01:31:13.379+0000] {processor.py:179} INFO - Processing /opt/airflow/dags/cleanup_airflow_db.py took 0.199 seconds
[2025-01-31T01:31:43.622+0000] {processor.py:157} INFO - Started process (PID=354) to work on /opt/airflow/dags/cleanup_airflow_db.py
[2025-01-31T01:31:43.624+0000] {processor.py:826} INFO - Processing file /opt/airflow/dags/cleanup_airflow_db.py for tasks to queue
[2025-01-31T01:31:43.630+0000] {logging_mixin.py:150} INFO - [2025-01-31T01:31:43.630+0000] {dagbag.py:541} INFO - Filling up the DagBag from /opt/airflow/dags/cleanup_airflow_db.py
[2025-01-31T01:31:43.653+0000] {processor.py:836} INFO - DAG(s) dict_keys(['cleanup_airflow_db']) retrieved from /opt/airflow/dags/cleanup_airflow_db.py
[2025-01-31T01:31:43.749+0000] {logging_mixin.py:150} INFO - [2025-01-31T01:31:43.749+0000] {dag.py:2742} INFO - Sync 1 DAGs
[2025-01-31T01:31:43.766+0000] {logging_mixin.py:150} INFO - [2025-01-31T01:31:43.766+0000] {dag.py:3508} INFO - Setting next_dagrun for cleanup_airflow_db to 2025-02-01T15:00:00+00:00, run_after=2025-02-08T15:00:00+00:00
[2025-01-31T01:31:43.778+0000] {processor.py:179} INFO - Processing /opt/airflow/dags/cleanup_airflow_db.py took 0.167 seconds
[2025-01-31T01:32:14.248+0000] {processor.py:157} INFO - Started process (PID=364) to work on /opt/airflow/dags/cleanup_airflow_db.py
[2025-01-31T01:32:14.249+0000] {processor.py:826} INFO - Processing file /opt/airflow/dags/cleanup_airflow_db.py for tasks to queue
[2025-01-31T01:32:14.255+0000] {logging_mixin.py:150} INFO - [2025-01-31T01:32:14.255+0000] {dagbag.py:541} INFO - Filling up the DagBag from /opt/airflow/dags/cleanup_airflow_db.py
[2025-01-31T01:32:14.274+0000] {processor.py:836} INFO - DAG(s) dict_keys(['cleanup_airflow_db']) retrieved from /opt/airflow/dags/cleanup_airflow_db.py
[2025-01-31T01:32:14.401+0000] {logging_mixin.py:150} INFO - [2025-01-31T01:32:14.401+0000] {dag.py:2742} INFO - Sync 1 DAGs
[2025-01-31T01:32:14.427+0000] {logging_mixin.py:150} INFO - [2025-01-31T01:32:14.427+0000] {dag.py:3508} INFO - Setting next_dagrun for cleanup_airflow_db to 2025-02-01T15:00:00+00:00, run_after=2025-02-08T15:00:00+00:00
[2025-01-31T01:32:14.448+0000] {processor.py:179} INFO - Processing /opt/airflow/dags/cleanup_airflow_db.py took 0.206 seconds
[2025-01-31T01:32:44.713+0000] {processor.py:157} INFO - Started process (PID=374) to work on /opt/airflow/dags/cleanup_airflow_db.py
[2025-01-31T01:32:44.714+0000] {processor.py:826} INFO - Processing file /opt/airflow/dags/cleanup_airflow_db.py for tasks to queue
[2025-01-31T01:32:44.720+0000] {logging_mixin.py:150} INFO - [2025-01-31T01:32:44.720+0000] {dagbag.py:541} INFO - Filling up the DagBag from /opt/airflow/dags/cleanup_airflow_db.py
[2025-01-31T01:32:44.742+0000] {processor.py:836} INFO - DAG(s) dict_keys(['cleanup_airflow_db']) retrieved from /opt/airflow/dags/cleanup_airflow_db.py
[2025-01-31T01:32:44.837+0000] {logging_mixin.py:150} INFO - [2025-01-31T01:32:44.837+0000] {dag.py:2742} INFO - Sync 1 DAGs
[2025-01-31T01:32:44.855+0000] {logging_mixin.py:150} INFO - [2025-01-31T01:32:44.855+0000] {dag.py:3508} INFO - Setting next_dagrun for cleanup_airflow_db to 2025-02-01T15:00:00+00:00, run_after=2025-02-08T15:00:00+00:00
[2025-01-31T01:32:44.865+0000] {processor.py:179} INFO - Processing /opt/airflow/dags/cleanup_airflow_db.py took 0.161 seconds
