[2025-01-31T01:22:33.170+0000] {processor.py:157} INFO - Started process (PID=168) to work on /opt/airflow/dags/naver_flight_dag.py
[2025-01-31T01:22:33.173+0000] {processor.py:826} INFO - Processing file /opt/airflow/dags/naver_flight_dag.py for tasks to queue
[2025-01-31T01:22:33.183+0000] {logging_mixin.py:150} INFO - [2025-01-31T01:22:33.182+0000] {dagbag.py:541} INFO - Filling up the DagBag from /opt/airflow/dags/naver_flight_dag.py
[2025-01-31T01:22:33.199+0000] {processor.py:836} INFO - DAG(s) dict_keys(['gcs_connection_check', 'naver_flight_crawl_gcs']) retrieved from /opt/airflow/dags/naver_flight_dag.py
[2025-01-31T01:22:33.305+0000] {logging_mixin.py:150} INFO - [2025-01-31T01:22:33.305+0000] {manager.py:504} INFO - Created Permission View: can read on DAG:naver_flight_crawl_gcs
[2025-01-31T01:22:33.309+0000] {logging_mixin.py:150} INFO - [2025-01-31T01:22:33.309+0000] {manager.py:504} INFO - Created Permission View: can delete on DAG:naver_flight_crawl_gcs
[2025-01-31T01:22:33.312+0000] {logging_mixin.py:150} INFO - [2025-01-31T01:22:33.312+0000] {manager.py:504} INFO - Created Permission View: can edit on DAG:naver_flight_crawl_gcs
[2025-01-31T01:22:33.316+0000] {logging_mixin.py:150} INFO - [2025-01-31T01:22:33.315+0000] {dag.py:2742} INFO - Sync 2 DAGs
[2025-01-31T01:22:33.330+0000] {logging_mixin.py:150} INFO - [2025-01-31T01:22:33.330+0000] {dag.py:2763} INFO - Creating ORM DAG for naver_flight_crawl_gcs
[2025-01-31T01:22:33.342+0000] {logging_mixin.py:150} INFO - [2025-01-31T01:22:33.341+0000] {dag.py:3508} INFO - Setting next_dagrun for gcs_connection_check to 2025-01-31T15:00:00+00:00, run_after=2025-02-01T15:00:00+00:00
[2025-01-31T01:22:33.344+0000] {logging_mixin.py:150} INFO - [2025-01-31T01:22:33.344+0000] {dag.py:3508} INFO - Setting next_dagrun for naver_flight_crawl_gcs to 2025-01-31T15:00:00+00:00, run_after=2025-02-01T15:00:00+00:00
[2025-01-31T01:22:33.356+0000] {processor.py:179} INFO - Processing /opt/airflow/dags/naver_flight_dag.py took 0.199 seconds
[2025-01-31T01:23:03.682+0000] {processor.py:157} INFO - Started process (PID=178) to work on /opt/airflow/dags/naver_flight_dag.py
[2025-01-31T01:23:03.683+0000] {processor.py:826} INFO - Processing file /opt/airflow/dags/naver_flight_dag.py for tasks to queue
[2025-01-31T01:23:03.691+0000] {logging_mixin.py:150} INFO - [2025-01-31T01:23:03.690+0000] {dagbag.py:541} INFO - Filling up the DagBag from /opt/airflow/dags/naver_flight_dag.py
[2025-01-31T01:23:03.753+0000] {processor.py:836} INFO - DAG(s) dict_keys(['naver_flight_crawl_gcs', 'gcs_connection_check']) retrieved from /opt/airflow/dags/naver_flight_dag.py
[2025-01-31T01:23:03.929+0000] {logging_mixin.py:150} INFO - [2025-01-31T01:23:03.929+0000] {dag.py:2742} INFO - Sync 2 DAGs
[2025-01-31T01:23:03.957+0000] {logging_mixin.py:150} INFO - [2025-01-31T01:23:03.957+0000] {dag.py:3508} INFO - Setting next_dagrun for gcs_connection_check to 2025-01-31T15:00:00+00:00, run_after=2025-02-01T15:00:00+00:00
[2025-01-31T01:23:03.962+0000] {logging_mixin.py:150} INFO - [2025-01-31T01:23:03.962+0000] {dag.py:3508} INFO - Setting next_dagrun for naver_flight_crawl_gcs to 2025-01-31T15:00:00+00:00, run_after=2025-02-01T15:00:00+00:00
[2025-01-31T01:23:03.991+0000] {processor.py:179} INFO - Processing /opt/airflow/dags/naver_flight_dag.py took 0.319 seconds
[2025-01-31T01:23:34.433+0000] {processor.py:157} INFO - Started process (PID=190) to work on /opt/airflow/dags/naver_flight_dag.py
[2025-01-31T01:23:34.434+0000] {processor.py:826} INFO - Processing file /opt/airflow/dags/naver_flight_dag.py for tasks to queue
[2025-01-31T01:23:34.437+0000] {logging_mixin.py:150} INFO - [2025-01-31T01:23:34.437+0000] {dagbag.py:541} INFO - Filling up the DagBag from /opt/airflow/dags/naver_flight_dag.py
[2025-01-31T01:23:34.464+0000] {processor.py:836} INFO - DAG(s) dict_keys(['gcs_connection_check', 'naver_flight_crawl_gcs']) retrieved from /opt/airflow/dags/naver_flight_dag.py
[2025-01-31T01:23:34.613+0000] {logging_mixin.py:150} INFO - [2025-01-31T01:23:34.613+0000] {dag.py:2742} INFO - Sync 2 DAGs
[2025-01-31T01:23:34.633+0000] {logging_mixin.py:150} INFO - [2025-01-31T01:23:34.633+0000] {dag.py:3508} INFO - Setting next_dagrun for gcs_connection_check to 2025-01-31T15:00:00+00:00, run_after=2025-02-01T15:00:00+00:00
[2025-01-31T01:23:34.637+0000] {logging_mixin.py:150} INFO - [2025-01-31T01:23:34.637+0000] {dag.py:3508} INFO - Setting next_dagrun for naver_flight_crawl_gcs to 2025-01-31T15:00:00+00:00, run_after=2025-02-01T15:00:00+00:00
[2025-01-31T01:23:34.648+0000] {processor.py:179} INFO - Processing /opt/airflow/dags/naver_flight_dag.py took 0.221 seconds
[2025-01-31T01:24:05.007+0000] {processor.py:157} INFO - Started process (PID=200) to work on /opt/airflow/dags/naver_flight_dag.py
[2025-01-31T01:24:05.007+0000] {processor.py:826} INFO - Processing file /opt/airflow/dags/naver_flight_dag.py for tasks to queue
[2025-01-31T01:24:05.009+0000] {logging_mixin.py:150} INFO - [2025-01-31T01:24:05.009+0000] {dagbag.py:541} INFO - Filling up the DagBag from /opt/airflow/dags/naver_flight_dag.py
[2025-01-31T01:24:05.031+0000] {processor.py:836} INFO - DAG(s) dict_keys(['gcs_connection_check', 'naver_flight_crawl_gcs']) retrieved from /opt/airflow/dags/naver_flight_dag.py
[2025-01-31T01:24:05.165+0000] {logging_mixin.py:150} INFO - [2025-01-31T01:24:05.164+0000] {dag.py:2742} INFO - Sync 2 DAGs
[2025-01-31T01:24:05.186+0000] {logging_mixin.py:150} INFO - [2025-01-31T01:24:05.186+0000] {dag.py:3508} INFO - Setting next_dagrun for gcs_connection_check to 2025-01-31T15:00:00+00:00, run_after=2025-02-01T15:00:00+00:00
[2025-01-31T01:24:05.191+0000] {logging_mixin.py:150} INFO - [2025-01-31T01:24:05.191+0000] {dag.py:3508} INFO - Setting next_dagrun for naver_flight_crawl_gcs to 2025-01-31T15:00:00+00:00, run_after=2025-02-01T15:00:00+00:00
[2025-01-31T01:24:05.204+0000] {processor.py:179} INFO - Processing /opt/airflow/dags/naver_flight_dag.py took 0.201 seconds
[2025-01-31T01:24:35.629+0000] {processor.py:157} INFO - Started process (PID=210) to work on /opt/airflow/dags/naver_flight_dag.py
[2025-01-31T01:24:35.630+0000] {processor.py:826} INFO - Processing file /opt/airflow/dags/naver_flight_dag.py for tasks to queue
[2025-01-31T01:24:35.632+0000] {logging_mixin.py:150} INFO - [2025-01-31T01:24:35.632+0000] {dagbag.py:541} INFO - Filling up the DagBag from /opt/airflow/dags/naver_flight_dag.py
[2025-01-31T01:24:35.658+0000] {processor.py:836} INFO - DAG(s) dict_keys(['naver_flight_crawl_gcs', 'gcs_connection_check']) retrieved from /opt/airflow/dags/naver_flight_dag.py
[2025-01-31T01:24:35.788+0000] {logging_mixin.py:150} INFO - [2025-01-31T01:24:35.788+0000] {dag.py:2742} INFO - Sync 2 DAGs
[2025-01-31T01:24:35.810+0000] {logging_mixin.py:150} INFO - [2025-01-31T01:24:35.810+0000] {dag.py:3508} INFO - Setting next_dagrun for gcs_connection_check to 2025-01-31T15:00:00+00:00, run_after=2025-02-01T15:00:00+00:00
[2025-01-31T01:24:35.813+0000] {logging_mixin.py:150} INFO - [2025-01-31T01:24:35.813+0000] {dag.py:3508} INFO - Setting next_dagrun for naver_flight_crawl_gcs to 2025-01-31T15:00:00+00:00, run_after=2025-02-01T15:00:00+00:00
[2025-01-31T01:24:35.826+0000] {processor.py:179} INFO - Processing /opt/airflow/dags/naver_flight_dag.py took 0.206 seconds
[2025-01-31T01:25:06.038+0000] {processor.py:157} INFO - Started process (PID=220) to work on /opt/airflow/dags/naver_flight_dag.py
[2025-01-31T01:25:06.040+0000] {processor.py:826} INFO - Processing file /opt/airflow/dags/naver_flight_dag.py for tasks to queue
[2025-01-31T01:25:06.045+0000] {logging_mixin.py:150} INFO - [2025-01-31T01:25:06.045+0000] {dagbag.py:541} INFO - Filling up the DagBag from /opt/airflow/dags/naver_flight_dag.py
[2025-01-31T01:25:06.071+0000] {processor.py:836} INFO - DAG(s) dict_keys(['naver_flight_crawl_gcs', 'gcs_connection_check']) retrieved from /opt/airflow/dags/naver_flight_dag.py
[2025-01-31T01:25:06.204+0000] {logging_mixin.py:150} INFO - [2025-01-31T01:25:06.204+0000] {dag.py:2742} INFO - Sync 2 DAGs
[2025-01-31T01:25:06.224+0000] {logging_mixin.py:150} INFO - [2025-01-31T01:25:06.223+0000] {dag.py:3508} INFO - Setting next_dagrun for gcs_connection_check to 2025-01-31T15:00:00+00:00, run_after=2025-02-01T15:00:00+00:00
[2025-01-31T01:25:06.227+0000] {logging_mixin.py:150} INFO - [2025-01-31T01:25:06.227+0000] {dag.py:3508} INFO - Setting next_dagrun for naver_flight_crawl_gcs to 2025-01-31T15:00:00+00:00, run_after=2025-02-01T15:00:00+00:00
[2025-01-31T01:25:06.238+0000] {processor.py:179} INFO - Processing /opt/airflow/dags/naver_flight_dag.py took 0.208 seconds
[2025-01-31T01:25:36.708+0000] {processor.py:157} INFO - Started process (PID=230) to work on /opt/airflow/dags/naver_flight_dag.py
[2025-01-31T01:25:36.709+0000] {processor.py:826} INFO - Processing file /opt/airflow/dags/naver_flight_dag.py for tasks to queue
[2025-01-31T01:25:36.712+0000] {logging_mixin.py:150} INFO - [2025-01-31T01:25:36.712+0000] {dagbag.py:541} INFO - Filling up the DagBag from /opt/airflow/dags/naver_flight_dag.py
[2025-01-31T01:25:36.757+0000] {processor.py:836} INFO - DAG(s) dict_keys(['naver_flight_crawl_gcs', 'gcs_connection_check']) retrieved from /opt/airflow/dags/naver_flight_dag.py
[2025-01-31T01:25:36.921+0000] {logging_mixin.py:150} INFO - [2025-01-31T01:25:36.921+0000] {dag.py:2742} INFO - Sync 2 DAGs
[2025-01-31T01:25:36.956+0000] {logging_mixin.py:150} INFO - [2025-01-31T01:25:36.956+0000] {dag.py:3508} INFO - Setting next_dagrun for gcs_connection_check to 2025-01-31T15:00:00+00:00, run_after=2025-02-01T15:00:00+00:00
[2025-01-31T01:25:36.961+0000] {logging_mixin.py:150} INFO - [2025-01-31T01:25:36.961+0000] {dag.py:3508} INFO - Setting next_dagrun for naver_flight_crawl_gcs to 2025-01-31T15:00:00+00:00, run_after=2025-02-01T15:00:00+00:00
[2025-01-31T01:25:36.971+0000] {processor.py:179} INFO - Processing /opt/airflow/dags/naver_flight_dag.py took 0.270 seconds
[2025-01-31T01:26:07.333+0000] {processor.py:157} INFO - Started process (PID=240) to work on /opt/airflow/dags/naver_flight_dag.py
[2025-01-31T01:26:07.335+0000] {processor.py:826} INFO - Processing file /opt/airflow/dags/naver_flight_dag.py for tasks to queue
[2025-01-31T01:26:07.337+0000] {logging_mixin.py:150} INFO - [2025-01-31T01:26:07.337+0000] {dagbag.py:541} INFO - Filling up the DagBag from /opt/airflow/dags/naver_flight_dag.py
[2025-01-31T01:26:07.353+0000] {processor.py:836} INFO - DAG(s) dict_keys(['naver_flight_crawl_gcs', 'gcs_connection_check']) retrieved from /opt/airflow/dags/naver_flight_dag.py
[2025-01-31T01:26:07.450+0000] {logging_mixin.py:150} INFO - [2025-01-31T01:26:07.449+0000] {dag.py:2742} INFO - Sync 2 DAGs
[2025-01-31T01:26:07.471+0000] {logging_mixin.py:150} INFO - [2025-01-31T01:26:07.471+0000] {dag.py:3508} INFO - Setting next_dagrun for gcs_connection_check to 2025-01-31T15:00:00+00:00, run_after=2025-02-01T15:00:00+00:00
[2025-01-31T01:26:07.474+0000] {logging_mixin.py:150} INFO - [2025-01-31T01:26:07.474+0000] {dag.py:3508} INFO - Setting next_dagrun for naver_flight_crawl_gcs to 2025-01-31T15:00:00+00:00, run_after=2025-02-01T15:00:00+00:00
[2025-01-31T01:26:07.490+0000] {processor.py:179} INFO - Processing /opt/airflow/dags/naver_flight_dag.py took 0.162 seconds
[2025-01-31T01:26:37.858+0000] {processor.py:157} INFO - Started process (PID=250) to work on /opt/airflow/dags/naver_flight_dag.py
[2025-01-31T01:26:37.859+0000] {processor.py:826} INFO - Processing file /opt/airflow/dags/naver_flight_dag.py for tasks to queue
[2025-01-31T01:26:37.863+0000] {logging_mixin.py:150} INFO - [2025-01-31T01:26:37.863+0000] {dagbag.py:541} INFO - Filling up the DagBag from /opt/airflow/dags/naver_flight_dag.py
[2025-01-31T01:26:37.907+0000] {processor.py:836} INFO - DAG(s) dict_keys(['naver_flight_crawl_gcs', 'gcs_connection_check']) retrieved from /opt/airflow/dags/naver_flight_dag.py
[2025-01-31T01:26:38.054+0000] {logging_mixin.py:150} INFO - [2025-01-31T01:26:38.053+0000] {dag.py:2742} INFO - Sync 2 DAGs
[2025-01-31T01:26:38.073+0000] {logging_mixin.py:150} INFO - [2025-01-31T01:26:38.073+0000] {dag.py:3508} INFO - Setting next_dagrun for gcs_connection_check to 2025-01-31T15:00:00+00:00, run_after=2025-02-01T15:00:00+00:00
[2025-01-31T01:26:38.076+0000] {logging_mixin.py:150} INFO - [2025-01-31T01:26:38.076+0000] {dag.py:3508} INFO - Setting next_dagrun for naver_flight_crawl_gcs to 2025-01-31T15:00:00+00:00, run_after=2025-02-01T15:00:00+00:00
[2025-01-31T01:26:38.086+0000] {processor.py:179} INFO - Processing /opt/airflow/dags/naver_flight_dag.py took 0.235 seconds
[2025-01-31T01:27:08.448+0000] {processor.py:157} INFO - Started process (PID=260) to work on /opt/airflow/dags/naver_flight_dag.py
[2025-01-31T01:27:08.450+0000] {processor.py:826} INFO - Processing file /opt/airflow/dags/naver_flight_dag.py for tasks to queue
[2025-01-31T01:27:08.452+0000] {logging_mixin.py:150} INFO - [2025-01-31T01:27:08.452+0000] {dagbag.py:541} INFO - Filling up the DagBag from /opt/airflow/dags/naver_flight_dag.py
[2025-01-31T01:27:08.471+0000] {processor.py:836} INFO - DAG(s) dict_keys(['gcs_connection_check', 'naver_flight_crawl_gcs']) retrieved from /opt/airflow/dags/naver_flight_dag.py
[2025-01-31T01:27:08.577+0000] {logging_mixin.py:150} INFO - [2025-01-31T01:27:08.577+0000] {dag.py:2742} INFO - Sync 2 DAGs
[2025-01-31T01:27:08.599+0000] {logging_mixin.py:150} INFO - [2025-01-31T01:27:08.599+0000] {dag.py:3508} INFO - Setting next_dagrun for gcs_connection_check to 2025-01-31T15:00:00+00:00, run_after=2025-02-01T15:00:00+00:00
[2025-01-31T01:27:08.602+0000] {logging_mixin.py:150} INFO - [2025-01-31T01:27:08.602+0000] {dag.py:3508} INFO - Setting next_dagrun for naver_flight_crawl_gcs to 2025-01-31T15:00:00+00:00, run_after=2025-02-01T15:00:00+00:00
[2025-01-31T01:27:08.613+0000] {processor.py:179} INFO - Processing /opt/airflow/dags/naver_flight_dag.py took 0.169 seconds
[2025-01-31T01:27:39.080+0000] {processor.py:157} INFO - Started process (PID=270) to work on /opt/airflow/dags/naver_flight_dag.py
[2025-01-31T01:27:39.084+0000] {processor.py:826} INFO - Processing file /opt/airflow/dags/naver_flight_dag.py for tasks to queue
[2025-01-31T01:27:39.087+0000] {logging_mixin.py:150} INFO - [2025-01-31T01:27:39.086+0000] {dagbag.py:541} INFO - Filling up the DagBag from /opt/airflow/dags/naver_flight_dag.py
[2025-01-31T01:27:39.102+0000] {processor.py:836} INFO - DAG(s) dict_keys(['gcs_connection_check', 'naver_flight_crawl_gcs']) retrieved from /opt/airflow/dags/naver_flight_dag.py
[2025-01-31T01:27:39.229+0000] {logging_mixin.py:150} INFO - [2025-01-31T01:27:39.229+0000] {dag.py:2742} INFO - Sync 2 DAGs
[2025-01-31T01:27:39.249+0000] {logging_mixin.py:150} INFO - [2025-01-31T01:27:39.249+0000] {dag.py:3508} INFO - Setting next_dagrun for gcs_connection_check to 2025-01-31T15:00:00+00:00, run_after=2025-02-01T15:00:00+00:00
[2025-01-31T01:27:39.252+0000] {logging_mixin.py:150} INFO - [2025-01-31T01:27:39.252+0000] {dag.py:3508} INFO - Setting next_dagrun for naver_flight_crawl_gcs to 2025-01-31T15:00:00+00:00, run_after=2025-02-01T15:00:00+00:00
[2025-01-31T01:27:39.262+0000] {processor.py:179} INFO - Processing /opt/airflow/dags/naver_flight_dag.py took 0.196 seconds
[2025-01-31T01:28:09.669+0000] {processor.py:157} INFO - Started process (PID=280) to work on /opt/airflow/dags/naver_flight_dag.py
[2025-01-31T01:28:09.670+0000] {processor.py:826} INFO - Processing file /opt/airflow/dags/naver_flight_dag.py for tasks to queue
[2025-01-31T01:28:09.674+0000] {logging_mixin.py:150} INFO - [2025-01-31T01:28:09.674+0000] {dagbag.py:541} INFO - Filling up the DagBag from /opt/airflow/dags/naver_flight_dag.py
[2025-01-31T01:28:09.692+0000] {processor.py:836} INFO - DAG(s) dict_keys(['naver_flight_crawl_gcs', 'gcs_connection_check']) retrieved from /opt/airflow/dags/naver_flight_dag.py
[2025-01-31T01:28:09.775+0000] {logging_mixin.py:150} INFO - [2025-01-31T01:28:09.775+0000] {dag.py:2742} INFO - Sync 2 DAGs
[2025-01-31T01:28:09.789+0000] {logging_mixin.py:150} INFO - [2025-01-31T01:28:09.789+0000] {dag.py:3508} INFO - Setting next_dagrun for gcs_connection_check to 2025-01-31T15:00:00+00:00, run_after=2025-02-01T15:00:00+00:00
[2025-01-31T01:28:09.794+0000] {logging_mixin.py:150} INFO - [2025-01-31T01:28:09.794+0000] {dag.py:3508} INFO - Setting next_dagrun for naver_flight_crawl_gcs to 2025-01-31T15:00:00+00:00, run_after=2025-02-01T15:00:00+00:00
[2025-01-31T01:28:09.803+0000] {processor.py:179} INFO - Processing /opt/airflow/dags/naver_flight_dag.py took 0.142 seconds
[2025-01-31T01:28:40.230+0000] {processor.py:157} INFO - Started process (PID=290) to work on /opt/airflow/dags/naver_flight_dag.py
[2025-01-31T01:28:40.231+0000] {processor.py:826} INFO - Processing file /opt/airflow/dags/naver_flight_dag.py for tasks to queue
[2025-01-31T01:28:40.233+0000] {logging_mixin.py:150} INFO - [2025-01-31T01:28:40.233+0000] {dagbag.py:541} INFO - Filling up the DagBag from /opt/airflow/dags/naver_flight_dag.py
[2025-01-31T01:28:40.264+0000] {processor.py:836} INFO - DAG(s) dict_keys(['naver_flight_crawl_gcs', 'gcs_connection_check']) retrieved from /opt/airflow/dags/naver_flight_dag.py
[2025-01-31T01:28:40.404+0000] {logging_mixin.py:150} INFO - [2025-01-31T01:28:40.404+0000] {dag.py:2742} INFO - Sync 2 DAGs
[2025-01-31T01:28:40.422+0000] {logging_mixin.py:150} INFO - [2025-01-31T01:28:40.422+0000] {dag.py:3508} INFO - Setting next_dagrun for gcs_connection_check to 2025-01-31T15:00:00+00:00, run_after=2025-02-01T15:00:00+00:00
[2025-01-31T01:28:40.424+0000] {logging_mixin.py:150} INFO - [2025-01-31T01:28:40.424+0000] {dag.py:3508} INFO - Setting next_dagrun for naver_flight_crawl_gcs to 2025-01-31T15:00:00+00:00, run_after=2025-02-01T15:00:00+00:00
[2025-01-31T01:28:40.436+0000] {processor.py:179} INFO - Processing /opt/airflow/dags/naver_flight_dag.py took 0.211 seconds
[2025-01-31T01:28:46.521+0000] {processor.py:157} INFO - Started process (PID=297) to work on /opt/airflow/dags/naver_flight_dag.py
[2025-01-31T01:28:46.522+0000] {processor.py:826} INFO - Processing file /opt/airflow/dags/naver_flight_dag.py for tasks to queue
[2025-01-31T01:28:46.526+0000] {logging_mixin.py:150} INFO - [2025-01-31T01:28:46.526+0000] {dagbag.py:541} INFO - Filling up the DagBag from /opt/airflow/dags/naver_flight_dag.py
[2025-01-31T01:28:46.544+0000] {processor.py:836} INFO - DAG(s) dict_keys(['gcs_connection_check', 'naver_flight_crawl_gcs']) retrieved from /opt/airflow/dags/naver_flight_dag.py
[2025-01-31T01:28:46.557+0000] {logging_mixin.py:150} INFO - [2025-01-31T01:28:46.556+0000] {dag.py:2742} INFO - Sync 2 DAGs
[2025-01-31T01:28:46.573+0000] {logging_mixin.py:150} INFO - [2025-01-31T01:28:46.573+0000] {dag.py:3508} INFO - Setting next_dagrun for gcs_connection_check to 2025-01-31T15:00:00+00:00, run_after=2025-02-01T15:00:00+00:00
[2025-01-31T01:28:46.576+0000] {logging_mixin.py:150} INFO - [2025-01-31T01:28:46.576+0000] {dag.py:3508} INFO - Setting next_dagrun for naver_flight_crawl_gcs to 2025-01-31T15:00:00+00:00, run_after=2025-02-01T15:00:00+00:00
[2025-01-31T01:28:46.585+0000] {processor.py:179} INFO - Processing /opt/airflow/dags/naver_flight_dag.py took 0.068 seconds
[2025-01-31T01:29:16.857+0000] {processor.py:157} INFO - Started process (PID=309) to work on /opt/airflow/dags/naver_flight_dag.py
[2025-01-31T01:29:16.859+0000] {processor.py:826} INFO - Processing file /opt/airflow/dags/naver_flight_dag.py for tasks to queue
[2025-01-31T01:29:16.861+0000] {logging_mixin.py:150} INFO - [2025-01-31T01:29:16.861+0000] {dagbag.py:541} INFO - Filling up the DagBag from /opt/airflow/dags/naver_flight_dag.py
[2025-01-31T01:29:16.875+0000] {processor.py:836} INFO - DAG(s) dict_keys(['naver_flight_crawl_gcs', 'gcs_connection_check']) retrieved from /opt/airflow/dags/naver_flight_dag.py
[2025-01-31T01:29:16.961+0000] {logging_mixin.py:150} INFO - [2025-01-31T01:29:16.961+0000] {dag.py:2742} INFO - Sync 2 DAGs
[2025-01-31T01:29:16.974+0000] {logging_mixin.py:150} INFO - [2025-01-31T01:29:16.974+0000] {dag.py:3508} INFO - Setting next_dagrun for gcs_connection_check to 2025-01-31T15:00:00+00:00, run_after=2025-02-01T15:00:00+00:00
[2025-01-31T01:29:16.976+0000] {logging_mixin.py:150} INFO - [2025-01-31T01:29:16.976+0000] {dag.py:3508} INFO - Setting next_dagrun for naver_flight_crawl_gcs to 2025-01-31T15:00:00+00:00, run_after=2025-02-01T15:00:00+00:00
[2025-01-31T01:29:16.986+0000] {processor.py:179} INFO - Processing /opt/airflow/dags/naver_flight_dag.py took 0.132 seconds
[2025-01-31T01:29:47.312+0000] {processor.py:157} INFO - Started process (PID=319) to work on /opt/airflow/dags/naver_flight_dag.py
[2025-01-31T01:29:47.314+0000] {processor.py:826} INFO - Processing file /opt/airflow/dags/naver_flight_dag.py for tasks to queue
[2025-01-31T01:29:47.318+0000] {logging_mixin.py:150} INFO - [2025-01-31T01:29:47.317+0000] {dagbag.py:541} INFO - Filling up the DagBag from /opt/airflow/dags/naver_flight_dag.py
[2025-01-31T01:29:47.337+0000] {processor.py:836} INFO - DAG(s) dict_keys(['gcs_connection_check', 'naver_flight_crawl_gcs']) retrieved from /opt/airflow/dags/naver_flight_dag.py
[2025-01-31T01:29:47.428+0000] {logging_mixin.py:150} INFO - [2025-01-31T01:29:47.427+0000] {dag.py:2742} INFO - Sync 2 DAGs
[2025-01-31T01:29:47.443+0000] {logging_mixin.py:150} INFO - [2025-01-31T01:29:47.443+0000] {dag.py:3508} INFO - Setting next_dagrun for gcs_connection_check to 2025-01-31T15:00:00+00:00, run_after=2025-02-01T15:00:00+00:00
[2025-01-31T01:29:47.445+0000] {logging_mixin.py:150} INFO - [2025-01-31T01:29:47.445+0000] {dag.py:3508} INFO - Setting next_dagrun for naver_flight_crawl_gcs to 2025-01-31T15:00:00+00:00, run_after=2025-02-01T15:00:00+00:00
[2025-01-31T01:29:47.456+0000] {processor.py:179} INFO - Processing /opt/airflow/dags/naver_flight_dag.py took 0.151 seconds
[2025-01-31T01:30:17.960+0000] {processor.py:157} INFO - Started process (PID=329) to work on /opt/airflow/dags/naver_flight_dag.py
[2025-01-31T01:30:17.963+0000] {processor.py:826} INFO - Processing file /opt/airflow/dags/naver_flight_dag.py for tasks to queue
[2025-01-31T01:30:17.993+0000] {logging_mixin.py:150} INFO - [2025-01-31T01:30:17.992+0000] {dagbag.py:541} INFO - Filling up the DagBag from /opt/airflow/dags/naver_flight_dag.py
[2025-01-31T01:30:18.017+0000] {processor.py:836} INFO - DAG(s) dict_keys(['gcs_connection_check', 'naver_flight_crawl_gcs']) retrieved from /opt/airflow/dags/naver_flight_dag.py
[2025-01-31T01:30:18.156+0000] {logging_mixin.py:150} INFO - [2025-01-31T01:30:18.156+0000] {dag.py:2742} INFO - Sync 2 DAGs
[2025-01-31T01:30:18.176+0000] {logging_mixin.py:150} INFO - [2025-01-31T01:30:18.176+0000] {dag.py:3508} INFO - Setting next_dagrun for gcs_connection_check to 2025-01-31T15:00:00+00:00, run_after=2025-02-01T15:00:00+00:00
[2025-01-31T01:30:18.186+0000] {logging_mixin.py:150} INFO - [2025-01-31T01:30:18.186+0000] {dag.py:3508} INFO - Setting next_dagrun for naver_flight_crawl_gcs to 2025-01-31T15:00:00+00:00, run_after=2025-02-01T15:00:00+00:00
[2025-01-31T01:30:18.204+0000] {processor.py:179} INFO - Processing /opt/airflow/dags/naver_flight_dag.py took 0.253 seconds
[2025-01-31T01:30:48.719+0000] {processor.py:157} INFO - Started process (PID=339) to work on /opt/airflow/dags/naver_flight_dag.py
[2025-01-31T01:30:48.722+0000] {processor.py:826} INFO - Processing file /opt/airflow/dags/naver_flight_dag.py for tasks to queue
[2025-01-31T01:30:48.727+0000] {logging_mixin.py:150} INFO - [2025-01-31T01:30:48.726+0000] {dagbag.py:541} INFO - Filling up the DagBag from /opt/airflow/dags/naver_flight_dag.py
[2025-01-31T01:30:48.752+0000] {processor.py:836} INFO - DAG(s) dict_keys(['naver_flight_crawl_gcs', 'gcs_connection_check']) retrieved from /opt/airflow/dags/naver_flight_dag.py
[2025-01-31T01:30:48.861+0000] {logging_mixin.py:150} INFO - [2025-01-31T01:30:48.861+0000] {dag.py:2742} INFO - Sync 2 DAGs
[2025-01-31T01:30:48.877+0000] {logging_mixin.py:150} INFO - [2025-01-31T01:30:48.877+0000] {dag.py:3508} INFO - Setting next_dagrun for gcs_connection_check to 2025-01-31T15:00:00+00:00, run_after=2025-02-01T15:00:00+00:00
[2025-01-31T01:30:48.881+0000] {logging_mixin.py:150} INFO - [2025-01-31T01:30:48.881+0000] {dag.py:3508} INFO - Setting next_dagrun for naver_flight_crawl_gcs to 2025-01-31T15:00:00+00:00, run_after=2025-02-01T15:00:00+00:00
[2025-01-31T01:30:48.895+0000] {processor.py:179} INFO - Processing /opt/airflow/dags/naver_flight_dag.py took 0.185 seconds
[2025-01-31T01:31:19.260+0000] {processor.py:157} INFO - Started process (PID=349) to work on /opt/airflow/dags/naver_flight_dag.py
[2025-01-31T01:31:19.262+0000] {processor.py:826} INFO - Processing file /opt/airflow/dags/naver_flight_dag.py for tasks to queue
[2025-01-31T01:31:19.264+0000] {logging_mixin.py:150} INFO - [2025-01-31T01:31:19.264+0000] {dagbag.py:541} INFO - Filling up the DagBag from /opt/airflow/dags/naver_flight_dag.py
[2025-01-31T01:31:19.282+0000] {processor.py:836} INFO - DAG(s) dict_keys(['gcs_connection_check', 'naver_flight_crawl_gcs']) retrieved from /opt/airflow/dags/naver_flight_dag.py
[2025-01-31T01:31:19.363+0000] {logging_mixin.py:150} INFO - [2025-01-31T01:31:19.363+0000] {dag.py:2742} INFO - Sync 2 DAGs
[2025-01-31T01:31:19.376+0000] {logging_mixin.py:150} INFO - [2025-01-31T01:31:19.376+0000] {dag.py:3508} INFO - Setting next_dagrun for gcs_connection_check to 2025-01-31T15:00:00+00:00, run_after=2025-02-01T15:00:00+00:00
[2025-01-31T01:31:19.378+0000] {logging_mixin.py:150} INFO - [2025-01-31T01:31:19.378+0000] {dag.py:3508} INFO - Setting next_dagrun for naver_flight_crawl_gcs to 2025-01-31T15:00:00+00:00, run_after=2025-02-01T15:00:00+00:00
[2025-01-31T01:31:19.388+0000] {processor.py:179} INFO - Processing /opt/airflow/dags/naver_flight_dag.py took 0.133 seconds
[2025-01-31T01:31:49.722+0000] {processor.py:157} INFO - Started process (PID=359) to work on /opt/airflow/dags/naver_flight_dag.py
[2025-01-31T01:31:49.724+0000] {processor.py:826} INFO - Processing file /opt/airflow/dags/naver_flight_dag.py for tasks to queue
[2025-01-31T01:31:49.726+0000] {logging_mixin.py:150} INFO - [2025-01-31T01:31:49.726+0000] {dagbag.py:541} INFO - Filling up the DagBag from /opt/airflow/dags/naver_flight_dag.py
[2025-01-31T01:31:49.745+0000] {processor.py:836} INFO - DAG(s) dict_keys(['naver_flight_crawl_gcs', 'gcs_connection_check']) retrieved from /opt/airflow/dags/naver_flight_dag.py
[2025-01-31T01:31:49.823+0000] {logging_mixin.py:150} INFO - [2025-01-31T01:31:49.822+0000] {dag.py:2742} INFO - Sync 2 DAGs
[2025-01-31T01:31:49.836+0000] {logging_mixin.py:150} INFO - [2025-01-31T01:31:49.836+0000] {dag.py:3508} INFO - Setting next_dagrun for gcs_connection_check to 2025-01-31T15:00:00+00:00, run_after=2025-02-01T15:00:00+00:00
[2025-01-31T01:31:49.838+0000] {logging_mixin.py:150} INFO - [2025-01-31T01:31:49.838+0000] {dag.py:3508} INFO - Setting next_dagrun for naver_flight_crawl_gcs to 2025-01-31T15:00:00+00:00, run_after=2025-02-01T15:00:00+00:00
[2025-01-31T01:31:49.847+0000] {processor.py:179} INFO - Processing /opt/airflow/dags/naver_flight_dag.py took 0.129 seconds
[2025-01-31T01:32:20.346+0000] {processor.py:157} INFO - Started process (PID=369) to work on /opt/airflow/dags/naver_flight_dag.py
[2025-01-31T01:32:20.349+0000] {processor.py:826} INFO - Processing file /opt/airflow/dags/naver_flight_dag.py for tasks to queue
[2025-01-31T01:32:20.351+0000] {logging_mixin.py:150} INFO - [2025-01-31T01:32:20.351+0000] {dagbag.py:541} INFO - Filling up the DagBag from /opt/airflow/dags/naver_flight_dag.py
[2025-01-31T01:32:20.370+0000] {processor.py:836} INFO - DAG(s) dict_keys(['gcs_connection_check', 'naver_flight_crawl_gcs']) retrieved from /opt/airflow/dags/naver_flight_dag.py
[2025-01-31T01:32:20.451+0000] {logging_mixin.py:150} INFO - [2025-01-31T01:32:20.451+0000] {dag.py:2742} INFO - Sync 2 DAGs
[2025-01-31T01:32:20.463+0000] {logging_mixin.py:150} INFO - [2025-01-31T01:32:20.463+0000] {dag.py:3508} INFO - Setting next_dagrun for gcs_connection_check to 2025-01-31T15:00:00+00:00, run_after=2025-02-01T15:00:00+00:00
[2025-01-31T01:32:20.465+0000] {logging_mixin.py:150} INFO - [2025-01-31T01:32:20.465+0000] {dag.py:3508} INFO - Setting next_dagrun for naver_flight_crawl_gcs to 2025-01-31T15:00:00+00:00, run_after=2025-02-01T15:00:00+00:00
[2025-01-31T01:32:20.475+0000] {processor.py:179} INFO - Processing /opt/airflow/dags/naver_flight_dag.py took 0.136 seconds
[2025-01-31T01:32:50.788+0000] {processor.py:157} INFO - Started process (PID=379) to work on /opt/airflow/dags/naver_flight_dag.py
[2025-01-31T01:32:50.789+0000] {processor.py:826} INFO - Processing file /opt/airflow/dags/naver_flight_dag.py for tasks to queue
[2025-01-31T01:32:50.792+0000] {logging_mixin.py:150} INFO - [2025-01-31T01:32:50.791+0000] {dagbag.py:541} INFO - Filling up the DagBag from /opt/airflow/dags/naver_flight_dag.py
[2025-01-31T01:32:50.808+0000] {processor.py:836} INFO - DAG(s) dict_keys(['naver_flight_crawl_gcs', 'gcs_connection_check']) retrieved from /opt/airflow/dags/naver_flight_dag.py
[2025-01-31T01:32:50.890+0000] {logging_mixin.py:150} INFO - [2025-01-31T01:32:50.890+0000] {dag.py:2742} INFO - Sync 2 DAGs
[2025-01-31T01:32:50.903+0000] {logging_mixin.py:150} INFO - [2025-01-31T01:32:50.903+0000] {dag.py:3508} INFO - Setting next_dagrun for gcs_connection_check to 2025-01-31T15:00:00+00:00, run_after=2025-02-01T15:00:00+00:00
[2025-01-31T01:32:50.905+0000] {logging_mixin.py:150} INFO - [2025-01-31T01:32:50.905+0000] {dag.py:3508} INFO - Setting next_dagrun for naver_flight_crawl_gcs to 2025-01-31T15:00:00+00:00, run_after=2025-02-01T15:00:00+00:00
[2025-01-31T01:32:50.914+0000] {processor.py:179} INFO - Processing /opt/airflow/dags/naver_flight_dag.py took 0.131 seconds
