[2025-01-31T07:20:29.944+0000] {taskinstance.py:1103} INFO - Dependencies all met for dep_context=non-requeueable deps ti=<TaskInstance: naver_flight_pipeline.fetch_json manual__2025-01-31T07:20:11.397997+00:00 [queued]>
[2025-01-31T07:20:29.950+0000] {taskinstance.py:1103} INFO - Dependencies all met for dep_context=requeueable deps ti=<TaskInstance: naver_flight_pipeline.fetch_json manual__2025-01-31T07:20:11.397997+00:00 [queued]>
[2025-01-31T07:20:29.950+0000] {taskinstance.py:1308} INFO - Starting attempt 1 of 2
[2025-01-31T07:20:29.958+0000] {taskinstance.py:1327} INFO - Executing <Task(PythonOperator): fetch_json> on 2025-01-31 07:20:11.397997+00:00
[2025-01-31T07:20:29.962+0000] {standard_task_runner.py:57} INFO - Started process 655 to run task
[2025-01-31T07:20:29.964+0000] {standard_task_runner.py:84} INFO - Running: ['***', 'tasks', 'run', 'naver_flight_pipeline', 'fetch_json', 'manual__2025-01-31T07:20:11.397997+00:00', '--job-id', '25', '--raw', '--subdir', 'DAGS_FOLDER/naver_flight_dag.py', '--cfg-path', '/tmp/tmpyd5zl7_s']
[2025-01-31T07:20:29.967+0000] {standard_task_runner.py:85} INFO - Job 25: Subtask fetch_json
[2025-01-31T07:20:30.011+0000] {task_command.py:410} INFO - Running <TaskInstance: naver_flight_pipeline.fetch_json manual__2025-01-31T07:20:11.397997+00:00 [running]> on host 3f33197bb456
[2025-01-31T07:20:30.076+0000] {taskinstance.py:1547} INFO - Exporting env vars: AIRFLOW_CTX_DAG_OWNER='***' AIRFLOW_CTX_DAG_ID='naver_flight_pipeline' AIRFLOW_CTX_TASK_ID='fetch_json' AIRFLOW_CTX_EXECUTION_DATE='2025-01-31T07:20:11.397997+00:00' AIRFLOW_CTX_TRY_NUMBER='1' AIRFLOW_CTX_DAG_RUN_ID='manual__2025-01-31T07:20:11.397997+00:00'
[2025-01-31T07:20:30.082+0000] {base.py:73} INFO - Using connection ID 'google_cloud_default' for task execution.
[2025-01-31T07:20:34.541+0000] {logging_mixin.py:150} INFO - [DEBUG] GCS에서 가져온 JSON 데이터 일부: [
    {
        "date": "20250201",
        "data": {
            "airlines": {},
            "airports": {},
            "fareTypes": {},
            "schedules": [],
            "fares": {},
            "errors": [
                {
                    "agtCode": "HAT004",
                    "errCode": "600",
                    "errMsg": "NO_FLIGHT"
                },
                {
                    "agtCode": "INT005_HOST",
                    "errCode": "600",
                    "er
[2025-01-31T07:20:34.602+0000] {python.py:183} INFO - Done. Returned value was: /tmp/tmp5bet63u9
[2025-01-31T07:20:34.641+0000] {taskinstance.py:1350} INFO - Marking task as SUCCESS. dag_id=naver_flight_pipeline, task_id=fetch_json, execution_date=20250131T072011, start_date=20250131T072029, end_date=20250131T072034
[2025-01-31T07:20:34.719+0000] {local_task_job_runner.py:225} INFO - Task exited with return code 0
[2025-01-31T07:20:34.763+0000] {taskinstance.py:2653} INFO - 1 downstream tasks scheduled from follow-on schedule check
