[2025-01-31T07:17:14.542+0000] {taskinstance.py:1103} INFO - Dependencies all met for dep_context=non-requeueable deps ti=<TaskInstance: naver_flight_pipeline.process_json manual__2025-01-31T07:10:41.414256+00:00 [queued]>
[2025-01-31T07:17:14.547+0000] {taskinstance.py:1103} INFO - Dependencies all met for dep_context=requeueable deps ti=<TaskInstance: naver_flight_pipeline.process_json manual__2025-01-31T07:10:41.414256+00:00 [queued]>
[2025-01-31T07:17:14.548+0000] {taskinstance.py:1308} INFO - Starting attempt 2 of 2
[2025-01-31T07:17:14.555+0000] {taskinstance.py:1327} INFO - Executing <Task(PythonOperator): process_json> on 2025-01-31 07:10:41.414256+00:00
[2025-01-31T07:17:14.558+0000] {standard_task_runner.py:57} INFO - Started process 513 to run task
[2025-01-31T07:17:14.560+0000] {standard_task_runner.py:84} INFO - Running: ['***', 'tasks', 'run', 'naver_flight_pipeline', 'process_json', 'manual__2025-01-31T07:10:41.414256+00:00', '--job-id', '18', '--raw', '--subdir', 'DAGS_FOLDER/naver_flight_dag.py', '--cfg-path', '/tmp/tmpx6uwk6pp']
[2025-01-31T07:17:14.562+0000] {standard_task_runner.py:85} INFO - Job 18: Subtask process_json
[2025-01-31T07:17:14.607+0000] {task_command.py:410} INFO - Running <TaskInstance: naver_flight_pipeline.process_json manual__2025-01-31T07:10:41.414256+00:00 [running]> on host 3f33197bb456
[2025-01-31T07:17:14.694+0000] {taskinstance.py:1547} INFO - Exporting env vars: AIRFLOW_CTX_DAG_OWNER='***' AIRFLOW_CTX_DAG_ID='naver_flight_pipeline' AIRFLOW_CTX_TASK_ID='process_json' AIRFLOW_CTX_EXECUTION_DATE='2025-01-31T07:10:41.414256+00:00' AIRFLOW_CTX_TRY_NUMBER='2' AIRFLOW_CTX_DAG_RUN_ID='manual__2025-01-31T07:10:41.414256+00:00'
[2025-01-31T07:17:14.741+0000] {logging_mixin.py:150} INFO - [ERROR] flights가 리스트가 아님: <class 'dict'>
[2025-01-31T07:17:14.741+0000] {logging_mixin.py:150} INFO - [ERROR] flights가 리스트가 아님: <class 'dict'>
[2025-01-31T07:17:14.741+0000] {logging_mixin.py:150} INFO - [ERROR] flights가 리스트가 아님: <class 'dict'>
[2025-01-31T07:17:14.741+0000] {logging_mixin.py:150} INFO - [ERROR] flights가 리스트가 아님: <class 'dict'>
[2025-01-31T07:17:14.741+0000] {logging_mixin.py:150} INFO - [ERROR] flights가 리스트가 아님: <class 'dict'>
[2025-01-31T07:17:14.742+0000] {logging_mixin.py:150} INFO - [ERROR] flights가 리스트가 아님: <class 'dict'>
[2025-01-31T07:17:14.742+0000] {logging_mixin.py:150} INFO - [ERROR] flights가 리스트가 아님: <class 'dict'>
[2025-01-31T07:17:14.742+0000] {logging_mixin.py:150} INFO - [ERROR] flights가 리스트가 아님: <class 'dict'>
[2025-01-31T07:17:14.742+0000] {logging_mixin.py:150} INFO - [ERROR] flights가 리스트가 아님: <class 'dict'>
[2025-01-31T07:17:14.742+0000] {logging_mixin.py:150} INFO - [ERROR] flights가 리스트가 아님: <class 'dict'>
[2025-01-31T07:17:14.742+0000] {logging_mixin.py:150} INFO - [ERROR] flights가 리스트가 아님: <class 'dict'>
[2025-01-31T07:17:14.742+0000] {logging_mixin.py:150} INFO - [ERROR] flights가 리스트가 아님: <class 'dict'>
[2025-01-31T07:17:14.742+0000] {logging_mixin.py:150} INFO - [ERROR] flights가 리스트가 아님: <class 'dict'>
[2025-01-31T07:17:14.742+0000] {logging_mixin.py:150} INFO - [ERROR] flights가 리스트가 아님: <class 'dict'>
[2025-01-31T07:17:14.742+0000] {logging_mixin.py:150} INFO - [ERROR] flights가 리스트가 아님: <class 'dict'>
[2025-01-31T07:17:14.743+0000] {logging_mixin.py:150} INFO - [ERROR] flights가 리스트가 아님: <class 'dict'>
[2025-01-31T07:17:14.743+0000] {logging_mixin.py:150} INFO - [ERROR] flights가 리스트가 아님: <class 'dict'>
[2025-01-31T07:17:14.743+0000] {logging_mixin.py:150} INFO - [ERROR] flights가 리스트가 아님: <class 'dict'>
[2025-01-31T07:17:14.743+0000] {logging_mixin.py:150} INFO - [ERROR] flights가 리스트가 아님: <class 'dict'>
[2025-01-31T07:17:14.743+0000] {logging_mixin.py:150} INFO - [ERROR] flights가 리스트가 아님: <class 'dict'>
[2025-01-31T07:17:14.743+0000] {logging_mixin.py:150} INFO - [ERROR] flights가 리스트가 아님: <class 'dict'>
[2025-01-31T07:17:14.743+0000] {logging_mixin.py:150} INFO - [ERROR] flights가 리스트가 아님: <class 'dict'>
[2025-01-31T07:17:14.743+0000] {logging_mixin.py:150} INFO - [ERROR] flights가 리스트가 아님: <class 'dict'>
[2025-01-31T07:17:14.743+0000] {logging_mixin.py:150} INFO - [ERROR] flights가 리스트가 아님: <class 'dict'>
[2025-01-31T07:17:14.743+0000] {logging_mixin.py:150} INFO - [ERROR] flights가 리스트가 아님: <class 'dict'>
[2025-01-31T07:17:14.743+0000] {logging_mixin.py:150} INFO - [ERROR] flights가 리스트가 아님: <class 'dict'>
[2025-01-31T07:17:14.743+0000] {logging_mixin.py:150} INFO - [ERROR] flights가 리스트가 아님: <class 'dict'>
[2025-01-31T07:17:14.744+0000] {logging_mixin.py:150} INFO - [ERROR] flights가 리스트가 아님: <class 'dict'>
[2025-01-31T07:17:14.744+0000] {logging_mixin.py:150} INFO - [ERROR] flights가 리스트가 아님: <class 'dict'>
[2025-01-31T07:17:14.744+0000] {logging_mixin.py:150} INFO - [ERROR] flights가 리스트가 아님: <class 'dict'>
[2025-01-31T07:17:14.744+0000] {logging_mixin.py:150} INFO - [ERROR] flights가 리스트가 아님: <class 'dict'>
[2025-01-31T07:17:14.744+0000] {logging_mixin.py:150} INFO - [ERROR] flights가 리스트가 아님: <class 'dict'>
[2025-01-31T07:17:14.744+0000] {logging_mixin.py:150} INFO - [ERROR] flights가 리스트가 아님: <class 'dict'>
[2025-01-31T07:17:14.744+0000] {logging_mixin.py:150} INFO - [ERROR] flights가 리스트가 아님: <class 'dict'>
[2025-01-31T07:17:14.744+0000] {logging_mixin.py:150} INFO - [ERROR] flights가 리스트가 아님: <class 'dict'>
[2025-01-31T07:17:14.744+0000] {logging_mixin.py:150} INFO - [ERROR] flights가 리스트가 아님: <class 'dict'>
[2025-01-31T07:17:14.744+0000] {logging_mixin.py:150} INFO - [ERROR] flights가 리스트가 아님: <class 'dict'>
[2025-01-31T07:17:14.745+0000] {logging_mixin.py:150} INFO - [ERROR] flights가 리스트가 아님: <class 'dict'>
[2025-01-31T07:17:14.745+0000] {logging_mixin.py:150} INFO - [ERROR] flights가 리스트가 아님: <class 'dict'>
[2025-01-31T07:17:14.745+0000] {logging_mixin.py:150} INFO - [ERROR] flights가 리스트가 아님: <class 'dict'>
[2025-01-31T07:17:14.745+0000] {logging_mixin.py:150} INFO - [ERROR] flights가 리스트가 아님: <class 'dict'>
[2025-01-31T07:17:14.745+0000] {logging_mixin.py:150} INFO - [ERROR] flights가 리스트가 아님: <class 'dict'>
[2025-01-31T07:17:14.745+0000] {logging_mixin.py:150} INFO - [ERROR] flights가 리스트가 아님: <class 'dict'>
[2025-01-31T07:17:14.745+0000] {logging_mixin.py:150} INFO - [ERROR] flights가 리스트가 아님: <class 'dict'>
[2025-01-31T07:17:14.746+0000] {logging_mixin.py:150} INFO - [ERROR] flights가 리스트가 아님: <class 'dict'>
[2025-01-31T07:17:14.746+0000] {logging_mixin.py:150} INFO - [ERROR] flights가 리스트가 아님: <class 'dict'>
[2025-01-31T07:17:14.746+0000] {logging_mixin.py:150} INFO - [ERROR] flights가 리스트가 아님: <class 'dict'>
[2025-01-31T07:17:14.746+0000] {logging_mixin.py:150} INFO - [ERROR] flights가 리스트가 아님: <class 'dict'>
[2025-01-31T07:17:14.746+0000] {logging_mixin.py:150} INFO - [ERROR] flights가 리스트가 아님: <class 'dict'>
[2025-01-31T07:17:14.746+0000] {logging_mixin.py:150} INFO - [ERROR] flights가 리스트가 아님: <class 'dict'>
[2025-01-31T07:17:14.746+0000] {logging_mixin.py:150} INFO - [ERROR] flights가 리스트가 아님: <class 'dict'>
[2025-01-31T07:17:14.746+0000] {logging_mixin.py:150} INFO - [ERROR] flights가 리스트가 아님: <class 'dict'>
[2025-01-31T07:17:14.746+0000] {logging_mixin.py:150} INFO - [ERROR] flights가 리스트가 아님: <class 'dict'>
[2025-01-31T07:17:14.746+0000] {logging_mixin.py:150} INFO - [ERROR] flights가 리스트가 아님: <class 'dict'>
[2025-01-31T07:17:14.747+0000] {logging_mixin.py:150} INFO - [ERROR] flights가 리스트가 아님: <class 'dict'>
[2025-01-31T07:17:14.747+0000] {logging_mixin.py:150} INFO - [ERROR] flights가 리스트가 아님: <class 'dict'>
[2025-01-31T07:17:14.747+0000] {logging_mixin.py:150} INFO - [ERROR] flights가 리스트가 아님: <class 'dict'>
[2025-01-31T07:17:14.747+0000] {logging_mixin.py:150} INFO - [ERROR] flights가 리스트가 아님: <class 'dict'>
[2025-01-31T07:17:14.748+0000] {logging_mixin.py:150} INFO - [ERROR] flights가 리스트가 아님: <class 'dict'>
[2025-01-31T07:17:14.748+0000] {logging_mixin.py:150} INFO - [ERROR] flights가 리스트가 아님: <class 'dict'>
[2025-01-31T07:17:14.748+0000] {logging_mixin.py:150} INFO - [ERROR] flights가 리스트가 아님: <class 'dict'>
[2025-01-31T07:17:14.748+0000] {logging_mixin.py:150} INFO - [ERROR] flights가 리스트가 아님: <class 'dict'>
[2025-01-31T07:17:14.749+0000] {logging_mixin.py:150} INFO - [ERROR] flights가 리스트가 아님: <class 'dict'>
[2025-01-31T07:17:14.749+0000] {logging_mixin.py:150} INFO - [ERROR] flights가 리스트가 아님: <class 'dict'>
[2025-01-31T07:17:14.749+0000] {logging_mixin.py:150} INFO - [ERROR] flights가 리스트가 아님: <class 'dict'>
[2025-01-31T07:17:14.749+0000] {logging_mixin.py:150} INFO - [ERROR] flights가 리스트가 아님: <class 'dict'>
[2025-01-31T07:17:14.749+0000] {logging_mixin.py:150} INFO - [ERROR] flights가 리스트가 아님: <class 'dict'>
[2025-01-31T07:17:14.749+0000] {logging_mixin.py:150} INFO - [ERROR] flights가 리스트가 아님: <class 'dict'>
[2025-01-31T07:17:14.749+0000] {logging_mixin.py:150} INFO - [ERROR] flights가 리스트가 아님: <class 'dict'>
[2025-01-31T07:17:14.749+0000] {logging_mixin.py:150} INFO - [ERROR] flights가 리스트가 아님: <class 'dict'>
[2025-01-31T07:17:14.749+0000] {logging_mixin.py:150} INFO - [ERROR] flights가 리스트가 아님: <class 'dict'>
[2025-01-31T07:17:14.749+0000] {logging_mixin.py:150} INFO - [ERROR] flights가 리스트가 아님: <class 'dict'>
[2025-01-31T07:17:14.749+0000] {logging_mixin.py:150} INFO - [ERROR] flights가 리스트가 아님: <class 'dict'>
[2025-01-31T07:17:14.749+0000] {logging_mixin.py:150} INFO - [ERROR] flights가 리스트가 아님: <class 'dict'>
[2025-01-31T07:17:14.750+0000] {logging_mixin.py:150} INFO - [ERROR] flights가 리스트가 아님: <class 'dict'>
[2025-01-31T07:17:14.750+0000] {logging_mixin.py:150} INFO - [ERROR] flights가 리스트가 아님: <class 'dict'>
[2025-01-31T07:17:14.750+0000] {logging_mixin.py:150} INFO - [ERROR] flights가 리스트가 아님: <class 'dict'>
[2025-01-31T07:17:14.750+0000] {logging_mixin.py:150} INFO - [ERROR] flights가 리스트가 아님: <class 'dict'>
[2025-01-31T07:17:14.750+0000] {logging_mixin.py:150} INFO - [ERROR] flights가 리스트가 아님: <class 'dict'>
[2025-01-31T07:17:14.750+0000] {logging_mixin.py:150} INFO - [ERROR] flights가 리스트가 아님: <class 'dict'>
[2025-01-31T07:17:14.750+0000] {logging_mixin.py:150} INFO - [ERROR] flights가 리스트가 아님: <class 'dict'>
[2025-01-31T07:17:14.750+0000] {logging_mixin.py:150} INFO - [ERROR] flights가 리스트가 아님: <class 'dict'>
[2025-01-31T07:17:14.750+0000] {logging_mixin.py:150} INFO - [ERROR] flights가 리스트가 아님: <class 'dict'>
[2025-01-31T07:17:14.750+0000] {logging_mixin.py:150} INFO - [ERROR] flights가 리스트가 아님: <class 'dict'>
[2025-01-31T07:17:14.750+0000] {logging_mixin.py:150} INFO - [ERROR] flights가 리스트가 아님: <class 'dict'>
[2025-01-31T07:17:14.750+0000] {logging_mixin.py:150} INFO - [ERROR] flights가 리스트가 아님: <class 'dict'>
[2025-01-31T07:17:14.750+0000] {logging_mixin.py:150} INFO - [ERROR] flights가 리스트가 아님: <class 'dict'>
[2025-01-31T07:17:14.751+0000] {logging_mixin.py:150} INFO - [ERROR] flights가 리스트가 아님: <class 'dict'>
[2025-01-31T07:17:14.751+0000] {logging_mixin.py:150} INFO - [ERROR] flights가 리스트가 아님: <class 'dict'>
[2025-01-31T07:17:14.751+0000] {logging_mixin.py:150} INFO - [ERROR] flights가 리스트가 아님: <class 'dict'>
[2025-01-31T07:17:14.751+0000] {logging_mixin.py:150} INFO - [ERROR] flights가 리스트가 아님: <class 'dict'>
[2025-01-31T07:17:14.751+0000] {logging_mixin.py:150} INFO - [ERROR] flights가 리스트가 아님: <class 'dict'>
[2025-01-31T07:17:14.751+0000] {logging_mixin.py:150} INFO - [ERROR] flights가 리스트가 아님: <class 'dict'>
[2025-01-31T07:17:14.751+0000] {logging_mixin.py:150} INFO - [ERROR] flights가 리스트가 아님: <class 'dict'>
[2025-01-31T07:17:14.751+0000] {logging_mixin.py:150} INFO - [ERROR] flights가 리스트가 아님: <class 'dict'>
[2025-01-31T07:17:14.751+0000] {logging_mixin.py:150} INFO - [ERROR] flights가 리스트가 아님: <class 'dict'>
[2025-01-31T07:17:14.751+0000] {logging_mixin.py:150} INFO - [ERROR] flights가 리스트가 아님: <class 'dict'>
[2025-01-31T07:17:14.751+0000] {logging_mixin.py:150} INFO - [ERROR] flights가 리스트가 아님: <class 'dict'>
[2025-01-31T07:17:14.751+0000] {logging_mixin.py:150} INFO - [ERROR] flights가 리스트가 아님: <class 'dict'>
[2025-01-31T07:17:14.752+0000] {logging_mixin.py:150} INFO - [ERROR] flights가 리스트가 아님: <class 'dict'>
[2025-01-31T07:17:14.752+0000] {logging_mixin.py:150} INFO - [ERROR] flights가 리스트가 아님: <class 'dict'>
[2025-01-31T07:17:14.752+0000] {logging_mixin.py:150} INFO - [ERROR] flights가 리스트가 아님: <class 'dict'>
[2025-01-31T07:17:14.752+0000] {logging_mixin.py:150} INFO - [ERROR] flights가 리스트가 아님: <class 'dict'>
[2025-01-31T07:17:14.752+0000] {logging_mixin.py:150} INFO - [ERROR] flights가 리스트가 아님: <class 'dict'>
[2025-01-31T07:17:14.752+0000] {logging_mixin.py:150} INFO - [ERROR] flights가 리스트가 아님: <class 'dict'>
[2025-01-31T07:17:14.752+0000] {logging_mixin.py:150} INFO - [ERROR] flights가 리스트가 아님: <class 'dict'>
[2025-01-31T07:17:14.752+0000] {logging_mixin.py:150} INFO - [ERROR] flights가 리스트가 아님: <class 'dict'>
[2025-01-31T07:17:14.752+0000] {logging_mixin.py:150} INFO - [ERROR] flights가 리스트가 아님: <class 'dict'>
[2025-01-31T07:17:14.752+0000] {logging_mixin.py:150} INFO - [ERROR] flights가 리스트가 아님: <class 'dict'>
[2025-01-31T07:17:14.752+0000] {logging_mixin.py:150} INFO - [ERROR] flights가 리스트가 아님: <class 'dict'>
[2025-01-31T07:17:14.752+0000] {logging_mixin.py:150} INFO - [ERROR] flights가 리스트가 아님: <class 'dict'>
[2025-01-31T07:17:14.752+0000] {logging_mixin.py:150} INFO - [ERROR] flights가 리스트가 아님: <class 'dict'>
[2025-01-31T07:17:14.753+0000] {logging_mixin.py:150} INFO - [ERROR] flights가 리스트가 아님: <class 'dict'>
[2025-01-31T07:17:14.753+0000] {logging_mixin.py:150} INFO - [ERROR] flights가 리스트가 아님: <class 'dict'>
[2025-01-31T07:17:14.753+0000] {logging_mixin.py:150} INFO - [ERROR] flights가 리스트가 아님: <class 'dict'>
[2025-01-31T07:17:14.753+0000] {logging_mixin.py:150} INFO - [ERROR] flights가 리스트가 아님: <class 'dict'>
[2025-01-31T07:17:14.753+0000] {logging_mixin.py:150} INFO - [ERROR] flights가 리스트가 아님: <class 'dict'>
[2025-01-31T07:17:14.753+0000] {logging_mixin.py:150} INFO - [ERROR] flights가 리스트가 아님: <class 'dict'>
[2025-01-31T07:17:14.753+0000] {logging_mixin.py:150} INFO - [ERROR] flights가 리스트가 아님: <class 'dict'>
[2025-01-31T07:17:14.753+0000] {logging_mixin.py:150} INFO - [ERROR] flights가 리스트가 아님: <class 'dict'>
[2025-01-31T07:17:14.753+0000] {logging_mixin.py:150} INFO - [ERROR] flights가 리스트가 아님: <class 'dict'>
[2025-01-31T07:17:14.753+0000] {logging_mixin.py:150} INFO - [ERROR] flights가 리스트가 아님: <class 'dict'>
[2025-01-31T07:17:14.753+0000] {logging_mixin.py:150} INFO - [ERROR] flights가 리스트가 아님: <class 'dict'>
[2025-01-31T07:17:14.753+0000] {logging_mixin.py:150} INFO - [ERROR] flights가 리스트가 아님: <class 'dict'>
[2025-01-31T07:17:14.754+0000] {logging_mixin.py:150} INFO - [ERROR] flights가 리스트가 아님: <class 'dict'>
[2025-01-31T07:17:14.754+0000] {logging_mixin.py:150} INFO - [ERROR] flights가 리스트가 아님: <class 'dict'>
[2025-01-31T07:17:14.754+0000] {logging_mixin.py:150} INFO - [ERROR] flights가 리스트가 아님: <class 'dict'>
[2025-01-31T07:17:14.754+0000] {logging_mixin.py:150} INFO - [ERROR] flights가 리스트가 아님: <class 'dict'>
[2025-01-31T07:17:14.754+0000] {logging_mixin.py:150} INFO - [ERROR] flights가 리스트가 아님: <class 'dict'>
[2025-01-31T07:17:14.754+0000] {logging_mixin.py:150} INFO - [ERROR] flights가 리스트가 아님: <class 'dict'>
[2025-01-31T07:17:14.754+0000] {logging_mixin.py:150} INFO - [ERROR] flights가 리스트가 아님: <class 'dict'>
[2025-01-31T07:17:14.754+0000] {logging_mixin.py:150} INFO - [ERROR] flights가 리스트가 아님: <class 'dict'>
[2025-01-31T07:17:14.754+0000] {logging_mixin.py:150} INFO - [ERROR] flights가 리스트가 아님: <class 'dict'>
[2025-01-31T07:17:14.754+0000] {logging_mixin.py:150} INFO - [ERROR] flights가 리스트가 아님: <class 'dict'>
[2025-01-31T07:17:14.754+0000] {logging_mixin.py:150} INFO - [ERROR] flights가 리스트가 아님: <class 'dict'>
[2025-01-31T07:17:14.754+0000] {logging_mixin.py:150} INFO - [ERROR] flights가 리스트가 아님: <class 'dict'>
[2025-01-31T07:17:14.755+0000] {logging_mixin.py:150} INFO - [ERROR] flights가 리스트가 아님: <class 'dict'>
[2025-01-31T07:17:14.755+0000] {logging_mixin.py:150} INFO - [ERROR] flights가 리스트가 아님: <class 'dict'>
[2025-01-31T07:17:14.755+0000] {logging_mixin.py:150} INFO - [ERROR] flights가 리스트가 아님: <class 'dict'>
[2025-01-31T07:17:14.755+0000] {logging_mixin.py:150} INFO - [ERROR] flights가 리스트가 아님: <class 'dict'>
[2025-01-31T07:17:14.755+0000] {logging_mixin.py:150} INFO - [ERROR] flights가 리스트가 아님: <class 'dict'>
[2025-01-31T07:17:14.755+0000] {logging_mixin.py:150} INFO - [ERROR] flights가 리스트가 아님: <class 'dict'>
[2025-01-31T07:17:14.755+0000] {logging_mixin.py:150} INFO - [ERROR] flights가 리스트가 아님: <class 'dict'>
[2025-01-31T07:17:14.755+0000] {logging_mixin.py:150} INFO - [ERROR] flights가 리스트가 아님: <class 'dict'>
[2025-01-31T07:17:14.755+0000] {logging_mixin.py:150} INFO - [ERROR] flights가 리스트가 아님: <class 'dict'>
[2025-01-31T07:17:14.755+0000] {logging_mixin.py:150} INFO - [ERROR] flights가 리스트가 아님: <class 'dict'>
[2025-01-31T07:17:14.755+0000] {logging_mixin.py:150} INFO - [ERROR] flights가 리스트가 아님: <class 'dict'>
[2025-01-31T07:17:14.755+0000] {logging_mixin.py:150} INFO - [ERROR] flights가 리스트가 아님: <class 'dict'>
[2025-01-31T07:17:14.755+0000] {logging_mixin.py:150} INFO - [ERROR] flights가 리스트가 아님: <class 'dict'>
[2025-01-31T07:17:14.756+0000] {logging_mixin.py:150} INFO - [ERROR] flights가 리스트가 아님: <class 'dict'>
[2025-01-31T07:17:14.756+0000] {python.py:183} INFO - Done. Returned value was: []
[2025-01-31T07:17:14.772+0000] {taskinstance.py:1350} INFO - Marking task as SUCCESS. dag_id=naver_flight_pipeline, task_id=process_json, execution_date=20250131T071041, start_date=20250131T071714, end_date=20250131T071714
[2025-01-31T07:17:14.786+0000] {local_task_job_runner.py:225} INFO - Task exited with return code 0
[2025-01-31T07:17:14.802+0000] {taskinstance.py:2653} INFO - 1 downstream tasks scheduled from follow-on schedule check
