[2025-02-01T04:17:17.757+0000] {taskinstance.py:1103} INFO - Dependencies all met for dep_context=non-requeueable deps ti=<TaskInstance: naver_flight_pipeline.fetch_and_upload_flight_data manual__2025-02-01T04:17:14.080216+00:00 [queued]>
[2025-02-01T04:17:17.762+0000] {taskinstance.py:1103} INFO - Dependencies all met for dep_context=requeueable deps ti=<TaskInstance: naver_flight_pipeline.fetch_and_upload_flight_data manual__2025-02-01T04:17:14.080216+00:00 [queued]>
[2025-02-01T04:17:17.762+0000] {taskinstance.py:1308} INFO - Starting attempt 1 of 2
[2025-02-01T04:17:17.770+0000] {taskinstance.py:1327} INFO - Executing <Task(PythonOperator): fetch_and_upload_flight_data> on 2025-02-01 04:17:14.080216+00:00
[2025-02-01T04:17:17.773+0000] {standard_task_runner.py:57} INFO - Started process 663 to run task
[2025-02-01T04:17:17.776+0000] {standard_task_runner.py:84} INFO - Running: ['***', 'tasks', 'run', 'naver_flight_pipeline', 'fetch_and_upload_flight_data', 'manual__2025-02-01T04:17:14.080216+00:00', '--job-id', '173', '--raw', '--subdir', 'DAGS_FOLDER/naver_flight_dag.py', '--cfg-path', '/tmp/tmpd4mdl7n4']
[2025-02-01T04:17:17.778+0000] {standard_task_runner.py:85} INFO - Job 173: Subtask fetch_and_upload_flight_data
[2025-02-01T04:17:17.811+0000] {task_command.py:410} INFO - Running <TaskInstance: naver_flight_pipeline.fetch_and_upload_flight_data manual__2025-02-01T04:17:14.080216+00:00 [running]> on host 3f33197bb456
[2025-02-01T04:17:17.881+0000] {taskinstance.py:1547} INFO - Exporting env vars: AIRFLOW_CTX_DAG_OWNER='***' AIRFLOW_CTX_DAG_ID='naver_flight_pipeline' AIRFLOW_CTX_TASK_ID='fetch_and_upload_flight_data' AIRFLOW_CTX_EXECUTION_DATE='2025-02-01T04:17:14.080216+00:00' AIRFLOW_CTX_TRY_NUMBER='1' AIRFLOW_CTX_DAG_RUN_ID='manual__2025-02-01T04:17:14.080216+00:00'
[2025-02-01T04:17:17.883+0000] {logging_mixin.py:150} INFO - [INFO] 20250211 데이터 수집 중...
[2025-02-01T04:17:17.883+0000] {logging_mixin.py:150} INFO - [DEBUG] Referer URL: https://flight.naver.com/flights/international/ICN-KIX-20250211?adult=1&fareType=Y
[2025-02-01T04:17:17.883+0000] {logging_mixin.py:150} INFO - [DEBUG] Travel Keys Payload: {
    "operationName": "getInternationalList",
    "variables": {
        "adult": 1,
        "child": 0,
        "infant": 0,
        "where": "pc",
        "isDirect": true,
        "galileoFlag": true,
        "travelBizFlag": true,
        "fareType": "Y",
        "itinerary": [
            {
                "departureAirport": "ICN",
                "arrivalAirport": "KIX",
                "departureDate": "20250211"
            }
        ],
        "stayLength": "",
        "trip": "OW",
        "galileoKey": "",
        "travelBizKey": ""
    },
    "query": "query getInternationalList($trip: InternationalList_TripType!, $itinerary: [InternationalList_itinerary]!, $adult: Int = 1, $child: Int = 0, $infant: Int = 0, $fareType: InternationalList_CabinClass!, $where: InternationalList_DeviceType = pc, $isDirect: Boolean = false, $stayLength: String, $galileoKey: String, $galileoFlag: Boolean = true, $travelBizKey: String, $travelBizFlag: Boolean = true) {\n  internationalList(\n    input: {trip: $trip, itinerary: $itinerary, person: {adult: $adult, child: $child, infant: $infant}, fareType: $fareType, where: $where, isDirect: $isDirect, stayLength: $stayLength, galileoKey: $galileoKey, galileoFlag: $galileoFlag, travelBizKey: $travelBizKey, travelBizFlag: $travelBizFlag}\n  ) {\n    galileoKey\n    travelBizKey\n  }\n}"
}
[2025-02-01T04:17:18.015+0000] {logging_mixin.py:150} INFO - [DEBUG] HTTP 응답 상태 코드: 503
[2025-02-01T04:17:18.016+0000] {logging_mixin.py:150} INFO - [DEBUG] HTTP 응답 본문: <html>
<head><title>503 Service Temporarily Unavailable</title></head>
<body>
<center><h1>503 Service Temporarily Unavailable</h1></center>
<hr><center>nginx/1.20.2</center>
</body>
</html>
<!-- a padding to disable MSIE and Chrome friendly error page -->
<!-- a padding to disable MSIE and Chrome friendly error page -->
<!-- a padding to disable MSIE and Chrome friendly error page -->
<!-- a padding to disable MSIE and Chrome friendly error page -->
<!-- a padding to disable MSIE and Chrome friendly error page -->
<!-- a padding to disable MSIE and Chrome friendly error page -->
[2025-02-01T04:17:18.016+0000] {logging_mixin.py:150} INFO - [ERROR] HTTP 요청 오류: 503 Server Error: Service Temporarily Unavailable for url: https://airline-api.naver.com/graphql
[2025-02-01T04:17:18.017+0000] {logging_mixin.py:150} INFO - [ERROR] travelBizKey 또는 galileoKey를 가져오는 데 실패했습니다.
[2025-02-01T04:17:18.017+0000] {logging_mixin.py:150} INFO - [INFO] 20250212 데이터 수집 중...
[2025-02-01T04:17:18.018+0000] {logging_mixin.py:150} INFO - [DEBUG] Referer URL: https://flight.naver.com/flights/international/ICN-KIX-20250212?adult=1&fareType=Y
[2025-02-01T04:17:18.018+0000] {logging_mixin.py:150} INFO - [DEBUG] Travel Keys Payload: {
    "operationName": "getInternationalList",
    "variables": {
        "adult": 1,
        "child": 0,
        "infant": 0,
        "where": "pc",
        "isDirect": true,
        "galileoFlag": true,
        "travelBizFlag": true,
        "fareType": "Y",
        "itinerary": [
            {
                "departureAirport": "ICN",
                "arrivalAirport": "KIX",
                "departureDate": "20250212"
            }
        ],
        "stayLength": "",
        "trip": "OW",
        "galileoKey": "",
        "travelBizKey": ""
    },
    "query": "query getInternationalList($trip: InternationalList_TripType!, $itinerary: [InternationalList_itinerary]!, $adult: Int = 1, $child: Int = 0, $infant: Int = 0, $fareType: InternationalList_CabinClass!, $where: InternationalList_DeviceType = pc, $isDirect: Boolean = false, $stayLength: String, $galileoKey: String, $galileoFlag: Boolean = true, $travelBizKey: String, $travelBizFlag: Boolean = true) {\n  internationalList(\n    input: {trip: $trip, itinerary: $itinerary, person: {adult: $adult, child: $child, infant: $infant}, fareType: $fareType, where: $where, isDirect: $isDirect, stayLength: $stayLength, galileoKey: $galileoKey, galileoFlag: $galileoFlag, travelBizKey: $travelBizKey, travelBizFlag: $travelBizFlag}\n  ) {\n    galileoKey\n    travelBizKey\n  }\n}"
}
[2025-02-01T04:17:18.112+0000] {logging_mixin.py:150} INFO - [DEBUG] HTTP 응답 상태 코드: 503
[2025-02-01T04:17:18.112+0000] {logging_mixin.py:150} INFO - [DEBUG] HTTP 응답 본문: <html>
<head><title>503 Service Temporarily Unavailable</title></head>
<body>
<center><h1>503 Service Temporarily Unavailable</h1></center>
<hr><center>nginx/1.20.2</center>
</body>
</html>
<!-- a padding to disable MSIE and Chrome friendly error page -->
<!-- a padding to disable MSIE and Chrome friendly error page -->
<!-- a padding to disable MSIE and Chrome friendly error page -->
<!-- a padding to disable MSIE and Chrome friendly error page -->
<!-- a padding to disable MSIE and Chrome friendly error page -->
<!-- a padding to disable MSIE and Chrome friendly error page -->
[2025-02-01T04:17:18.112+0000] {logging_mixin.py:150} INFO - [ERROR] HTTP 요청 오류: 503 Server Error: Service Temporarily Unavailable for url: https://airline-api.naver.com/graphql
[2025-02-01T04:17:18.118+0000] {logging_mixin.py:150} INFO - [ERROR] travelBizKey 또는 galileoKey를 가져오는 데 실패했습니다.
[2025-02-01T04:17:18.118+0000] {logging_mixin.py:150} INFO - [INFO] 20250213 데이터 수집 중...
[2025-02-01T04:17:18.119+0000] {logging_mixin.py:150} INFO - [DEBUG] Referer URL: https://flight.naver.com/flights/international/ICN-KIX-20250213?adult=1&fareType=Y
[2025-02-01T04:17:18.119+0000] {logging_mixin.py:150} INFO - [DEBUG] Travel Keys Payload: {
    "operationName": "getInternationalList",
    "variables": {
        "adult": 1,
        "child": 0,
        "infant": 0,
        "where": "pc",
        "isDirect": true,
        "galileoFlag": true,
        "travelBizFlag": true,
        "fareType": "Y",
        "itinerary": [
            {
                "departureAirport": "ICN",
                "arrivalAirport": "KIX",
                "departureDate": "20250213"
            }
        ],
        "stayLength": "",
        "trip": "OW",
        "galileoKey": "",
        "travelBizKey": ""
    },
    "query": "query getInternationalList($trip: InternationalList_TripType!, $itinerary: [InternationalList_itinerary]!, $adult: Int = 1, $child: Int = 0, $infant: Int = 0, $fareType: InternationalList_CabinClass!, $where: InternationalList_DeviceType = pc, $isDirect: Boolean = false, $stayLength: String, $galileoKey: String, $galileoFlag: Boolean = true, $travelBizKey: String, $travelBizFlag: Boolean = true) {\n  internationalList(\n    input: {trip: $trip, itinerary: $itinerary, person: {adult: $adult, child: $child, infant: $infant}, fareType: $fareType, where: $where, isDirect: $isDirect, stayLength: $stayLength, galileoKey: $galileoKey, galileoFlag: $galileoFlag, travelBizKey: $travelBizKey, travelBizFlag: $travelBizFlag}\n  ) {\n    galileoKey\n    travelBizKey\n  }\n}"
}
[2025-02-01T04:17:18.203+0000] {logging_mixin.py:150} INFO - [DEBUG] HTTP 응답 상태 코드: 503
[2025-02-01T04:17:18.203+0000] {logging_mixin.py:150} INFO - [DEBUG] HTTP 응답 본문: <html>
<head><title>503 Service Temporarily Unavailable</title></head>
<body>
<center><h1>503 Service Temporarily Unavailable</h1></center>
<hr><center>nginx/1.20.2</center>
</body>
</html>
<!-- a padding to disable MSIE and Chrome friendly error page -->
<!-- a padding to disable MSIE and Chrome friendly error page -->
<!-- a padding to disable MSIE and Chrome friendly error page -->
<!-- a padding to disable MSIE and Chrome friendly error page -->
<!-- a padding to disable MSIE and Chrome friendly error page -->
<!-- a padding to disable MSIE and Chrome friendly error page -->
[2025-02-01T04:17:18.204+0000] {logging_mixin.py:150} INFO - [ERROR] HTTP 요청 오류: 503 Server Error: Service Temporarily Unavailable for url: https://airline-api.naver.com/graphql
[2025-02-01T04:17:18.205+0000] {logging_mixin.py:150} INFO - [ERROR] travelBizKey 또는 galileoKey를 가져오는 데 실패했습니다.
[2025-02-01T04:17:18.206+0000] {logging_mixin.py:150} INFO - [INFO] 20250214 데이터 수집 중...
[2025-02-01T04:17:18.206+0000] {logging_mixin.py:150} INFO - [DEBUG] Referer URL: https://flight.naver.com/flights/international/ICN-KIX-20250214?adult=1&fareType=Y
[2025-02-01T04:17:18.207+0000] {logging_mixin.py:150} INFO - [DEBUG] Travel Keys Payload: {
    "operationName": "getInternationalList",
    "variables": {
        "adult": 1,
        "child": 0,
        "infant": 0,
        "where": "pc",
        "isDirect": true,
        "galileoFlag": true,
        "travelBizFlag": true,
        "fareType": "Y",
        "itinerary": [
            {
                "departureAirport": "ICN",
                "arrivalAirport": "KIX",
                "departureDate": "20250214"
            }
        ],
        "stayLength": "",
        "trip": "OW",
        "galileoKey": "",
        "travelBizKey": ""
    },
    "query": "query getInternationalList($trip: InternationalList_TripType!, $itinerary: [InternationalList_itinerary]!, $adult: Int = 1, $child: Int = 0, $infant: Int = 0, $fareType: InternationalList_CabinClass!, $where: InternationalList_DeviceType = pc, $isDirect: Boolean = false, $stayLength: String, $galileoKey: String, $galileoFlag: Boolean = true, $travelBizKey: String, $travelBizFlag: Boolean = true) {\n  internationalList(\n    input: {trip: $trip, itinerary: $itinerary, person: {adult: $adult, child: $child, infant: $infant}, fareType: $fareType, where: $where, isDirect: $isDirect, stayLength: $stayLength, galileoKey: $galileoKey, galileoFlag: $galileoFlag, travelBizKey: $travelBizKey, travelBizFlag: $travelBizFlag}\n  ) {\n    galileoKey\n    travelBizKey\n  }\n}"
}
[2025-02-01T04:17:18.294+0000] {logging_mixin.py:150} INFO - [DEBUG] HTTP 응답 상태 코드: 503
[2025-02-01T04:17:18.295+0000] {logging_mixin.py:150} INFO - [DEBUG] HTTP 응답 본문: <html>
<head><title>503 Service Temporarily Unavailable</title></head>
<body>
<center><h1>503 Service Temporarily Unavailable</h1></center>
<hr><center>nginx/1.20.2</center>
</body>
</html>
<!-- a padding to disable MSIE and Chrome friendly error page -->
<!-- a padding to disable MSIE and Chrome friendly error page -->
<!-- a padding to disable MSIE and Chrome friendly error page -->
<!-- a padding to disable MSIE and Chrome friendly error page -->
<!-- a padding to disable MSIE and Chrome friendly error page -->
<!-- a padding to disable MSIE and Chrome friendly error page -->
[2025-02-01T04:17:18.295+0000] {logging_mixin.py:150} INFO - [ERROR] HTTP 요청 오류: 503 Server Error: Service Temporarily Unavailable for url: https://airline-api.naver.com/graphql
[2025-02-01T04:17:18.297+0000] {logging_mixin.py:150} INFO - [ERROR] travelBizKey 또는 galileoKey를 가져오는 데 실패했습니다.
[2025-02-01T04:17:18.297+0000] {logging_mixin.py:150} INFO - [INFO] 20250215 데이터 수집 중...
[2025-02-01T04:17:18.297+0000] {logging_mixin.py:150} INFO - [DEBUG] Referer URL: https://flight.naver.com/flights/international/ICN-KIX-20250215?adult=1&fareType=Y
[2025-02-01T04:17:18.298+0000] {logging_mixin.py:150} INFO - [DEBUG] Travel Keys Payload: {
    "operationName": "getInternationalList",
    "variables": {
        "adult": 1,
        "child": 0,
        "infant": 0,
        "where": "pc",
        "isDirect": true,
        "galileoFlag": true,
        "travelBizFlag": true,
        "fareType": "Y",
        "itinerary": [
            {
                "departureAirport": "ICN",
                "arrivalAirport": "KIX",
                "departureDate": "20250215"
            }
        ],
        "stayLength": "",
        "trip": "OW",
        "galileoKey": "",
        "travelBizKey": ""
    },
    "query": "query getInternationalList($trip: InternationalList_TripType!, $itinerary: [InternationalList_itinerary]!, $adult: Int = 1, $child: Int = 0, $infant: Int = 0, $fareType: InternationalList_CabinClass!, $where: InternationalList_DeviceType = pc, $isDirect: Boolean = false, $stayLength: String, $galileoKey: String, $galileoFlag: Boolean = true, $travelBizKey: String, $travelBizFlag: Boolean = true) {\n  internationalList(\n    input: {trip: $trip, itinerary: $itinerary, person: {adult: $adult, child: $child, infant: $infant}, fareType: $fareType, where: $where, isDirect: $isDirect, stayLength: $stayLength, galileoKey: $galileoKey, galileoFlag: $galileoFlag, travelBizKey: $travelBizKey, travelBizFlag: $travelBizFlag}\n  ) {\n    galileoKey\n    travelBizKey\n  }\n}"
}
[2025-02-01T04:17:18.373+0000] {logging_mixin.py:150} INFO - [DEBUG] HTTP 응답 상태 코드: 503
[2025-02-01T04:17:18.373+0000] {logging_mixin.py:150} INFO - [DEBUG] HTTP 응답 본문: <html>
<head><title>503 Service Temporarily Unavailable</title></head>
<body>
<center><h1>503 Service Temporarily Unavailable</h1></center>
<hr><center>nginx/1.20.2</center>
</body>
</html>
<!-- a padding to disable MSIE and Chrome friendly error page -->
<!-- a padding to disable MSIE and Chrome friendly error page -->
<!-- a padding to disable MSIE and Chrome friendly error page -->
<!-- a padding to disable MSIE and Chrome friendly error page -->
<!-- a padding to disable MSIE and Chrome friendly error page -->
<!-- a padding to disable MSIE and Chrome friendly error page -->
[2025-02-01T04:17:18.373+0000] {logging_mixin.py:150} INFO - [ERROR] HTTP 요청 오류: 503 Server Error: Service Temporarily Unavailable for url: https://airline-api.naver.com/graphql
[2025-02-01T04:17:18.374+0000] {logging_mixin.py:150} INFO - [ERROR] travelBizKey 또는 galileoKey를 가져오는 데 실패했습니다.
[2025-02-01T04:17:18.374+0000] {logging_mixin.py:150} INFO - [INFO] 20250216 데이터 수집 중...
[2025-02-01T04:17:18.374+0000] {logging_mixin.py:150} INFO - [DEBUG] Referer URL: https://flight.naver.com/flights/international/ICN-KIX-20250216?adult=1&fareType=Y
[2025-02-01T04:17:18.375+0000] {logging_mixin.py:150} INFO - [DEBUG] Travel Keys Payload: {
    "operationName": "getInternationalList",
    "variables": {
        "adult": 1,
        "child": 0,
        "infant": 0,
        "where": "pc",
        "isDirect": true,
        "galileoFlag": true,
        "travelBizFlag": true,
        "fareType": "Y",
        "itinerary": [
            {
                "departureAirport": "ICN",
                "arrivalAirport": "KIX",
                "departureDate": "20250216"
            }
        ],
        "stayLength": "",
        "trip": "OW",
        "galileoKey": "",
        "travelBizKey": ""
    },
    "query": "query getInternationalList($trip: InternationalList_TripType!, $itinerary: [InternationalList_itinerary]!, $adult: Int = 1, $child: Int = 0, $infant: Int = 0, $fareType: InternationalList_CabinClass!, $where: InternationalList_DeviceType = pc, $isDirect: Boolean = false, $stayLength: String, $galileoKey: String, $galileoFlag: Boolean = true, $travelBizKey: String, $travelBizFlag: Boolean = true) {\n  internationalList(\n    input: {trip: $trip, itinerary: $itinerary, person: {adult: $adult, child: $child, infant: $infant}, fareType: $fareType, where: $where, isDirect: $isDirect, stayLength: $stayLength, galileoKey: $galileoKey, galileoFlag: $galileoFlag, travelBizKey: $travelBizKey, travelBizFlag: $travelBizFlag}\n  ) {\n    galileoKey\n    travelBizKey\n  }\n}"
}
[2025-02-01T04:17:18.447+0000] {logging_mixin.py:150} INFO - [DEBUG] HTTP 응답 상태 코드: 503
[2025-02-01T04:17:18.448+0000] {logging_mixin.py:150} INFO - [DEBUG] HTTP 응답 본문: <html>
<head><title>503 Service Temporarily Unavailable</title></head>
<body>
<center><h1>503 Service Temporarily Unavailable</h1></center>
<hr><center>nginx/1.20.2</center>
</body>
</html>
<!-- a padding to disable MSIE and Chrome friendly error page -->
<!-- a padding to disable MSIE and Chrome friendly error page -->
<!-- a padding to disable MSIE and Chrome friendly error page -->
<!-- a padding to disable MSIE and Chrome friendly error page -->
<!-- a padding to disable MSIE and Chrome friendly error page -->
<!-- a padding to disable MSIE and Chrome friendly error page -->
[2025-02-01T04:17:18.448+0000] {logging_mixin.py:150} INFO - [ERROR] HTTP 요청 오류: 503 Server Error: Service Temporarily Unavailable for url: https://airline-api.naver.com/graphql
[2025-02-01T04:17:18.448+0000] {logging_mixin.py:150} INFO - [ERROR] travelBizKey 또는 galileoKey를 가져오는 데 실패했습니다.
[2025-02-01T04:17:18.449+0000] {logging_mixin.py:150} INFO - [INFO] 20250217 데이터 수집 중...
[2025-02-01T04:17:18.449+0000] {logging_mixin.py:150} INFO - [DEBUG] Referer URL: https://flight.naver.com/flights/international/ICN-KIX-20250217?adult=1&fareType=Y
[2025-02-01T04:17:18.449+0000] {logging_mixin.py:150} INFO - [DEBUG] Travel Keys Payload: {
    "operationName": "getInternationalList",
    "variables": {
        "adult": 1,
        "child": 0,
        "infant": 0,
        "where": "pc",
        "isDirect": true,
        "galileoFlag": true,
        "travelBizFlag": true,
        "fareType": "Y",
        "itinerary": [
            {
                "departureAirport": "ICN",
                "arrivalAirport": "KIX",
                "departureDate": "20250217"
            }
        ],
        "stayLength": "",
        "trip": "OW",
        "galileoKey": "",
        "travelBizKey": ""
    },
    "query": "query getInternationalList($trip: InternationalList_TripType!, $itinerary: [InternationalList_itinerary]!, $adult: Int = 1, $child: Int = 0, $infant: Int = 0, $fareType: InternationalList_CabinClass!, $where: InternationalList_DeviceType = pc, $isDirect: Boolean = false, $stayLength: String, $galileoKey: String, $galileoFlag: Boolean = true, $travelBizKey: String, $travelBizFlag: Boolean = true) {\n  internationalList(\n    input: {trip: $trip, itinerary: $itinerary, person: {adult: $adult, child: $child, infant: $infant}, fareType: $fareType, where: $where, isDirect: $isDirect, stayLength: $stayLength, galileoKey: $galileoKey, galileoFlag: $galileoFlag, travelBizKey: $travelBizKey, travelBizFlag: $travelBizFlag}\n  ) {\n    galileoKey\n    travelBizKey\n  }\n}"
}
[2025-02-01T04:17:18.517+0000] {logging_mixin.py:150} INFO - [DEBUG] HTTP 응답 상태 코드: 503
[2025-02-01T04:17:18.518+0000] {logging_mixin.py:150} INFO - [DEBUG] HTTP 응답 본문: <html>
<head><title>503 Service Temporarily Unavailable</title></head>
<body>
<center><h1>503 Service Temporarily Unavailable</h1></center>
<hr><center>nginx/1.20.2</center>
</body>
</html>
<!-- a padding to disable MSIE and Chrome friendly error page -->
<!-- a padding to disable MSIE and Chrome friendly error page -->
<!-- a padding to disable MSIE and Chrome friendly error page -->
<!-- a padding to disable MSIE and Chrome friendly error page -->
<!-- a padding to disable MSIE and Chrome friendly error page -->
<!-- a padding to disable MSIE and Chrome friendly error page -->
[2025-02-01T04:17:18.518+0000] {logging_mixin.py:150} INFO - [ERROR] HTTP 요청 오류: 503 Server Error: Service Temporarily Unavailable for url: https://airline-api.naver.com/graphql
[2025-02-01T04:17:18.518+0000] {logging_mixin.py:150} INFO - [ERROR] travelBizKey 또는 galileoKey를 가져오는 데 실패했습니다.
[2025-02-01T04:17:18.519+0000] {logging_mixin.py:150} INFO - [INFO] 20250218 데이터 수집 중...
[2025-02-01T04:17:18.519+0000] {logging_mixin.py:150} INFO - [DEBUG] Referer URL: https://flight.naver.com/flights/international/ICN-KIX-20250218?adult=1&fareType=Y
[2025-02-01T04:17:18.519+0000] {logging_mixin.py:150} INFO - [DEBUG] Travel Keys Payload: {
    "operationName": "getInternationalList",
    "variables": {
        "adult": 1,
        "child": 0,
        "infant": 0,
        "where": "pc",
        "isDirect": true,
        "galileoFlag": true,
        "travelBizFlag": true,
        "fareType": "Y",
        "itinerary": [
            {
                "departureAirport": "ICN",
                "arrivalAirport": "KIX",
                "departureDate": "20250218"
            }
        ],
        "stayLength": "",
        "trip": "OW",
        "galileoKey": "",
        "travelBizKey": ""
    },
    "query": "query getInternationalList($trip: InternationalList_TripType!, $itinerary: [InternationalList_itinerary]!, $adult: Int = 1, $child: Int = 0, $infant: Int = 0, $fareType: InternationalList_CabinClass!, $where: InternationalList_DeviceType = pc, $isDirect: Boolean = false, $stayLength: String, $galileoKey: String, $galileoFlag: Boolean = true, $travelBizKey: String, $travelBizFlag: Boolean = true) {\n  internationalList(\n    input: {trip: $trip, itinerary: $itinerary, person: {adult: $adult, child: $child, infant: $infant}, fareType: $fareType, where: $where, isDirect: $isDirect, stayLength: $stayLength, galileoKey: $galileoKey, galileoFlag: $galileoFlag, travelBizKey: $travelBizKey, travelBizFlag: $travelBizFlag}\n  ) {\n    galileoKey\n    travelBizKey\n  }\n}"
}
[2025-02-01T04:17:18.612+0000] {logging_mixin.py:150} INFO - [DEBUG] HTTP 응답 상태 코드: 503
[2025-02-01T04:17:18.612+0000] {logging_mixin.py:150} INFO - [DEBUG] HTTP 응답 본문: <html>
<head><title>503 Service Temporarily Unavailable</title></head>
<body>
<center><h1>503 Service Temporarily Unavailable</h1></center>
<hr><center>nginx/1.20.2</center>
</body>
</html>
<!-- a padding to disable MSIE and Chrome friendly error page -->
<!-- a padding to disable MSIE and Chrome friendly error page -->
<!-- a padding to disable MSIE and Chrome friendly error page -->
<!-- a padding to disable MSIE and Chrome friendly error page -->
<!-- a padding to disable MSIE and Chrome friendly error page -->
<!-- a padding to disable MSIE and Chrome friendly error page -->
[2025-02-01T04:17:18.612+0000] {logging_mixin.py:150} INFO - [ERROR] HTTP 요청 오류: 503 Server Error: Service Temporarily Unavailable for url: https://airline-api.naver.com/graphql
[2025-02-01T04:17:18.613+0000] {logging_mixin.py:150} INFO - [ERROR] travelBizKey 또는 galileoKey를 가져오는 데 실패했습니다.
[2025-02-01T04:17:18.614+0000] {logging_mixin.py:150} INFO - [INFO] 20250219 데이터 수집 중...
[2025-02-01T04:17:18.614+0000] {logging_mixin.py:150} INFO - [DEBUG] Referer URL: https://flight.naver.com/flights/international/ICN-KIX-20250219?adult=1&fareType=Y
[2025-02-01T04:17:18.614+0000] {logging_mixin.py:150} INFO - [DEBUG] Travel Keys Payload: {
    "operationName": "getInternationalList",
    "variables": {
        "adult": 1,
        "child": 0,
        "infant": 0,
        "where": "pc",
        "isDirect": true,
        "galileoFlag": true,
        "travelBizFlag": true,
        "fareType": "Y",
        "itinerary": [
            {
                "departureAirport": "ICN",
                "arrivalAirport": "KIX",
                "departureDate": "20250219"
            }
        ],
        "stayLength": "",
        "trip": "OW",
        "galileoKey": "",
        "travelBizKey": ""
    },
    "query": "query getInternationalList($trip: InternationalList_TripType!, $itinerary: [InternationalList_itinerary]!, $adult: Int = 1, $child: Int = 0, $infant: Int = 0, $fareType: InternationalList_CabinClass!, $where: InternationalList_DeviceType = pc, $isDirect: Boolean = false, $stayLength: String, $galileoKey: String, $galileoFlag: Boolean = true, $travelBizKey: String, $travelBizFlag: Boolean = true) {\n  internationalList(\n    input: {trip: $trip, itinerary: $itinerary, person: {adult: $adult, child: $child, infant: $infant}, fareType: $fareType, where: $where, isDirect: $isDirect, stayLength: $stayLength, galileoKey: $galileoKey, galileoFlag: $galileoFlag, travelBizKey: $travelBizKey, travelBizFlag: $travelBizFlag}\n  ) {\n    galileoKey\n    travelBizKey\n  }\n}"
}
[2025-02-01T04:17:18.690+0000] {logging_mixin.py:150} INFO - [DEBUG] HTTP 응답 상태 코드: 503
[2025-02-01T04:17:18.690+0000] {logging_mixin.py:150} INFO - [DEBUG] HTTP 응답 본문: <html>
<head><title>503 Service Temporarily Unavailable</title></head>
<body>
<center><h1>503 Service Temporarily Unavailable</h1></center>
<hr><center>nginx/1.20.2</center>
</body>
</html>
<!-- a padding to disable MSIE and Chrome friendly error page -->
<!-- a padding to disable MSIE and Chrome friendly error page -->
<!-- a padding to disable MSIE and Chrome friendly error page -->
<!-- a padding to disable MSIE and Chrome friendly error page -->
<!-- a padding to disable MSIE and Chrome friendly error page -->
<!-- a padding to disable MSIE and Chrome friendly error page -->
[2025-02-01T04:17:18.690+0000] {logging_mixin.py:150} INFO - [ERROR] HTTP 요청 오류: 503 Server Error: Service Temporarily Unavailable for url: https://airline-api.naver.com/graphql
[2025-02-01T04:17:18.691+0000] {logging_mixin.py:150} INFO - [ERROR] travelBizKey 또는 galileoKey를 가져오는 데 실패했습니다.
[2025-02-01T04:17:18.692+0000] {logging_mixin.py:150} INFO - [INFO] 20250220 데이터 수집 중...
[2025-02-01T04:17:18.692+0000] {logging_mixin.py:150} INFO - [DEBUG] Referer URL: https://flight.naver.com/flights/international/ICN-KIX-20250220?adult=1&fareType=Y
[2025-02-01T04:17:18.692+0000] {logging_mixin.py:150} INFO - [DEBUG] Travel Keys Payload: {
    "operationName": "getInternationalList",
    "variables": {
        "adult": 1,
        "child": 0,
        "infant": 0,
        "where": "pc",
        "isDirect": true,
        "galileoFlag": true,
        "travelBizFlag": true,
        "fareType": "Y",
        "itinerary": [
            {
                "departureAirport": "ICN",
                "arrivalAirport": "KIX",
                "departureDate": "20250220"
            }
        ],
        "stayLength": "",
        "trip": "OW",
        "galileoKey": "",
        "travelBizKey": ""
    },
    "query": "query getInternationalList($trip: InternationalList_TripType!, $itinerary: [InternationalList_itinerary]!, $adult: Int = 1, $child: Int = 0, $infant: Int = 0, $fareType: InternationalList_CabinClass!, $where: InternationalList_DeviceType = pc, $isDirect: Boolean = false, $stayLength: String, $galileoKey: String, $galileoFlag: Boolean = true, $travelBizKey: String, $travelBizFlag: Boolean = true) {\n  internationalList(\n    input: {trip: $trip, itinerary: $itinerary, person: {adult: $adult, child: $child, infant: $infant}, fareType: $fareType, where: $where, isDirect: $isDirect, stayLength: $stayLength, galileoKey: $galileoKey, galileoFlag: $galileoFlag, travelBizKey: $travelBizKey, travelBizFlag: $travelBizFlag}\n  ) {\n    galileoKey\n    travelBizKey\n  }\n}"
}
[2025-02-01T04:17:18.768+0000] {logging_mixin.py:150} INFO - [DEBUG] HTTP 응답 상태 코드: 503
[2025-02-01T04:17:18.769+0000] {logging_mixin.py:150} INFO - [DEBUG] HTTP 응답 본문: <html>
<head><title>503 Service Temporarily Unavailable</title></head>
<body>
<center><h1>503 Service Temporarily Unavailable</h1></center>
<hr><center>nginx/1.20.2</center>
</body>
</html>
<!-- a padding to disable MSIE and Chrome friendly error page -->
<!-- a padding to disable MSIE and Chrome friendly error page -->
<!-- a padding to disable MSIE and Chrome friendly error page -->
<!-- a padding to disable MSIE and Chrome friendly error page -->
<!-- a padding to disable MSIE and Chrome friendly error page -->
<!-- a padding to disable MSIE and Chrome friendly error page -->
[2025-02-01T04:17:18.769+0000] {logging_mixin.py:150} INFO - [ERROR] HTTP 요청 오류: 503 Server Error: Service Temporarily Unavailable for url: https://airline-api.naver.com/graphql
[2025-02-01T04:17:18.771+0000] {logging_mixin.py:150} INFO - [ERROR] travelBizKey 또는 galileoKey를 가져오는 데 실패했습니다.
[2025-02-01T04:17:18.771+0000] {logging_mixin.py:150} INFO - [INFO] 20250221 데이터 수집 중...
[2025-02-01T04:17:18.772+0000] {logging_mixin.py:150} INFO - [DEBUG] Referer URL: https://flight.naver.com/flights/international/ICN-KIX-20250221?adult=1&fareType=Y
[2025-02-01T04:17:18.772+0000] {logging_mixin.py:150} INFO - [DEBUG] Travel Keys Payload: {
    "operationName": "getInternationalList",
    "variables": {
        "adult": 1,
        "child": 0,
        "infant": 0,
        "where": "pc",
        "isDirect": true,
        "galileoFlag": true,
        "travelBizFlag": true,
        "fareType": "Y",
        "itinerary": [
            {
                "departureAirport": "ICN",
                "arrivalAirport": "KIX",
                "departureDate": "20250221"
            }
        ],
        "stayLength": "",
        "trip": "OW",
        "galileoKey": "",
        "travelBizKey": ""
    },
    "query": "query getInternationalList($trip: InternationalList_TripType!, $itinerary: [InternationalList_itinerary]!, $adult: Int = 1, $child: Int = 0, $infant: Int = 0, $fareType: InternationalList_CabinClass!, $where: InternationalList_DeviceType = pc, $isDirect: Boolean = false, $stayLength: String, $galileoKey: String, $galileoFlag: Boolean = true, $travelBizKey: String, $travelBizFlag: Boolean = true) {\n  internationalList(\n    input: {trip: $trip, itinerary: $itinerary, person: {adult: $adult, child: $child, infant: $infant}, fareType: $fareType, where: $where, isDirect: $isDirect, stayLength: $stayLength, galileoKey: $galileoKey, galileoFlag: $galileoFlag, travelBizKey: $travelBizKey, travelBizFlag: $travelBizFlag}\n  ) {\n    galileoKey\n    travelBizKey\n  }\n}"
}
[2025-02-01T04:17:18.868+0000] {logging_mixin.py:150} INFO - [DEBUG] HTTP 응답 상태 코드: 503
[2025-02-01T04:17:18.868+0000] {logging_mixin.py:150} INFO - [DEBUG] HTTP 응답 본문: <html>
<head><title>503 Service Temporarily Unavailable</title></head>
<body>
<center><h1>503 Service Temporarily Unavailable</h1></center>
<hr><center>nginx/1.20.2</center>
</body>
</html>
<!-- a padding to disable MSIE and Chrome friendly error page -->
<!-- a padding to disable MSIE and Chrome friendly error page -->
<!-- a padding to disable MSIE and Chrome friendly error page -->
<!-- a padding to disable MSIE and Chrome friendly error page -->
<!-- a padding to disable MSIE and Chrome friendly error page -->
<!-- a padding to disable MSIE and Chrome friendly error page -->
[2025-02-01T04:17:18.869+0000] {logging_mixin.py:150} INFO - [ERROR] HTTP 요청 오류: 503 Server Error: Service Temporarily Unavailable for url: https://airline-api.naver.com/graphql
[2025-02-01T04:17:18.870+0000] {logging_mixin.py:150} INFO - [ERROR] travelBizKey 또는 galileoKey를 가져오는 데 실패했습니다.
[2025-02-01T04:17:18.871+0000] {logging_mixin.py:150} INFO - [INFO] 수집된 데이터가 없습니다.
[2025-02-01T04:17:18.871+0000] {python.py:183} INFO - Done. Returned value was: None
[2025-02-01T04:17:18.894+0000] {taskinstance.py:1350} INFO - Marking task as SUCCESS. dag_id=naver_flight_pipeline, task_id=fetch_and_upload_flight_data, execution_date=20250201T041714, start_date=20250201T041717, end_date=20250201T041718
[2025-02-01T04:17:18.923+0000] {local_task_job_runner.py:225} INFO - Task exited with return code 0
[2025-02-01T04:17:18.950+0000] {taskinstance.py:2653} INFO - 1 downstream tasks scheduled from follow-on schedule check
