[2025-01-31T07:17:32.115+0000] {taskinstance.py:1103} INFO - Dependencies all met for dep_context=non-requeueable deps ti=<TaskInstance: naver_flight_pipeline.process_json manual__2025-01-31T07:15:53.706220+00:00 [queued]>
[2025-01-31T07:17:32.122+0000] {taskinstance.py:1103} INFO - Dependencies all met for dep_context=requeueable deps ti=<TaskInstance: naver_flight_pipeline.process_json manual__2025-01-31T07:15:53.706220+00:00 [queued]>
[2025-01-31T07:17:32.122+0000] {taskinstance.py:1308} INFO - Starting attempt 1 of 2
[2025-01-31T07:17:32.134+0000] {taskinstance.py:1327} INFO - Executing <Task(PythonOperator): process_json> on 2025-01-31 07:15:53.706220+00:00
[2025-01-31T07:17:32.139+0000] {standard_task_runner.py:57} INFO - Started process 546 to run task
[2025-01-31T07:17:32.142+0000] {standard_task_runner.py:84} INFO - Running: ['***', 'tasks', 'run', 'naver_flight_pipeline', 'process_json', 'manual__2025-01-31T07:15:53.706220+00:00', '--job-id', '21', '--raw', '--subdir', 'DAGS_FOLDER/naver_flight_dag.py', '--cfg-path', '/tmp/tmpll_nwm60']
[2025-01-31T07:17:32.144+0000] {standard_task_runner.py:85} INFO - Job 21: Subtask process_json
[2025-01-31T07:17:32.234+0000] {task_command.py:410} INFO - Running <TaskInstance: naver_flight_pipeline.process_json manual__2025-01-31T07:15:53.706220+00:00 [running]> on host 3f33197bb456
[2025-01-31T07:17:32.313+0000] {taskinstance.py:1547} INFO - Exporting env vars: AIRFLOW_CTX_DAG_OWNER='***' AIRFLOW_CTX_DAG_ID='naver_flight_pipeline' AIRFLOW_CTX_TASK_ID='process_json' AIRFLOW_CTX_EXECUTION_DATE='2025-01-31T07:15:53.706220+00:00' AIRFLOW_CTX_TRY_NUMBER='1' AIRFLOW_CTX_DAG_RUN_ID='manual__2025-01-31T07:15:53.706220+00:00'
[2025-01-31T07:17:32.412+0000] {logging_mixin.py:150} INFO - [ERROR] flights가 리스트가 아님: <class 'dict'>
[2025-01-31T07:17:32.412+0000] {logging_mixin.py:150} INFO - [ERROR] flights가 리스트가 아님: <class 'dict'>
[2025-01-31T07:17:32.412+0000] {logging_mixin.py:150} INFO - [ERROR] flights가 리스트가 아님: <class 'dict'>
[2025-01-31T07:17:32.412+0000] {logging_mixin.py:150} INFO - [ERROR] flights가 리스트가 아님: <class 'dict'>
[2025-01-31T07:17:32.413+0000] {logging_mixin.py:150} INFO - [ERROR] flights가 리스트가 아님: <class 'dict'>
[2025-01-31T07:17:32.413+0000] {logging_mixin.py:150} INFO - [ERROR] flights가 리스트가 아님: <class 'dict'>
[2025-01-31T07:17:32.413+0000] {logging_mixin.py:150} INFO - [ERROR] flights가 리스트가 아님: <class 'dict'>
[2025-01-31T07:17:32.413+0000] {logging_mixin.py:150} INFO - [ERROR] flights가 리스트가 아님: <class 'dict'>
[2025-01-31T07:17:32.413+0000] {logging_mixin.py:150} INFO - [ERROR] flights가 리스트가 아님: <class 'dict'>
[2025-01-31T07:17:32.413+0000] {logging_mixin.py:150} INFO - [ERROR] flights가 리스트가 아님: <class 'dict'>
[2025-01-31T07:17:32.413+0000] {logging_mixin.py:150} INFO - [ERROR] flights가 리스트가 아님: <class 'dict'>
[2025-01-31T07:17:32.413+0000] {logging_mixin.py:150} INFO - [ERROR] flights가 리스트가 아님: <class 'dict'>
[2025-01-31T07:17:32.413+0000] {logging_mixin.py:150} INFO - [ERROR] flights가 리스트가 아님: <class 'dict'>
[2025-01-31T07:17:32.414+0000] {logging_mixin.py:150} INFO - [ERROR] flights가 리스트가 아님: <class 'dict'>
[2025-01-31T07:17:32.414+0000] {logging_mixin.py:150} INFO - [ERROR] flights가 리스트가 아님: <class 'dict'>
[2025-01-31T07:17:32.414+0000] {logging_mixin.py:150} INFO - [ERROR] flights가 리스트가 아님: <class 'dict'>
[2025-01-31T07:17:32.414+0000] {logging_mixin.py:150} INFO - [ERROR] flights가 리스트가 아님: <class 'dict'>
[2025-01-31T07:17:32.414+0000] {logging_mixin.py:150} INFO - [ERROR] flights가 리스트가 아님: <class 'dict'>
[2025-01-31T07:17:32.414+0000] {logging_mixin.py:150} INFO - [ERROR] flights가 리스트가 아님: <class 'dict'>
[2025-01-31T07:17:32.414+0000] {logging_mixin.py:150} INFO - [ERROR] flights가 리스트가 아님: <class 'dict'>
[2025-01-31T07:17:32.415+0000] {logging_mixin.py:150} INFO - [ERROR] flights가 리스트가 아님: <class 'dict'>
[2025-01-31T07:17:32.415+0000] {logging_mixin.py:150} INFO - [ERROR] flights가 리스트가 아님: <class 'dict'>
[2025-01-31T07:17:32.415+0000] {logging_mixin.py:150} INFO - [ERROR] flights가 리스트가 아님: <class 'dict'>
[2025-01-31T07:17:32.415+0000] {logging_mixin.py:150} INFO - [ERROR] flights가 리스트가 아님: <class 'dict'>
[2025-01-31T07:17:32.415+0000] {logging_mixin.py:150} INFO - [ERROR] flights가 리스트가 아님: <class 'dict'>
[2025-01-31T07:17:32.416+0000] {logging_mixin.py:150} INFO - [ERROR] flights가 리스트가 아님: <class 'dict'>
[2025-01-31T07:17:32.416+0000] {logging_mixin.py:150} INFO - [ERROR] flights가 리스트가 아님: <class 'dict'>
[2025-01-31T07:17:32.416+0000] {logging_mixin.py:150} INFO - [ERROR] flights가 리스트가 아님: <class 'dict'>
[2025-01-31T07:17:32.416+0000] {logging_mixin.py:150} INFO - [ERROR] flights가 리스트가 아님: <class 'dict'>
[2025-01-31T07:17:32.416+0000] {logging_mixin.py:150} INFO - [ERROR] flights가 리스트가 아님: <class 'dict'>
[2025-01-31T07:17:32.416+0000] {logging_mixin.py:150} INFO - [ERROR] flights가 리스트가 아님: <class 'dict'>
[2025-01-31T07:17:32.416+0000] {logging_mixin.py:150} INFO - [ERROR] flights가 리스트가 아님: <class 'dict'>
[2025-01-31T07:17:32.416+0000] {logging_mixin.py:150} INFO - [ERROR] flights가 리스트가 아님: <class 'dict'>
[2025-01-31T07:17:32.416+0000] {logging_mixin.py:150} INFO - [ERROR] flights가 리스트가 아님: <class 'dict'>
[2025-01-31T07:17:32.416+0000] {logging_mixin.py:150} INFO - [ERROR] flights가 리스트가 아님: <class 'dict'>
[2025-01-31T07:17:32.416+0000] {logging_mixin.py:150} INFO - [ERROR] flights가 리스트가 아님: <class 'dict'>
[2025-01-31T07:17:32.416+0000] {logging_mixin.py:150} INFO - [ERROR] flights가 리스트가 아님: <class 'dict'>
[2025-01-31T07:17:32.416+0000] {logging_mixin.py:150} INFO - [ERROR] flights가 리스트가 아님: <class 'dict'>
[2025-01-31T07:17:32.417+0000] {logging_mixin.py:150} INFO - [ERROR] flights가 리스트가 아님: <class 'dict'>
[2025-01-31T07:17:32.417+0000] {logging_mixin.py:150} INFO - [ERROR] flights가 리스트가 아님: <class 'dict'>
[2025-01-31T07:17:32.417+0000] {logging_mixin.py:150} INFO - [ERROR] flights가 리스트가 아님: <class 'dict'>
[2025-01-31T07:17:32.417+0000] {logging_mixin.py:150} INFO - [ERROR] flights가 리스트가 아님: <class 'dict'>
[2025-01-31T07:17:32.417+0000] {logging_mixin.py:150} INFO - [ERROR] flights가 리스트가 아님: <class 'dict'>
[2025-01-31T07:17:32.417+0000] {logging_mixin.py:150} INFO - [ERROR] flights가 리스트가 아님: <class 'dict'>
[2025-01-31T07:17:32.417+0000] {logging_mixin.py:150} INFO - [ERROR] flights가 리스트가 아님: <class 'dict'>
[2025-01-31T07:17:32.417+0000] {logging_mixin.py:150} INFO - [ERROR] flights가 리스트가 아님: <class 'dict'>
[2025-01-31T07:17:32.417+0000] {logging_mixin.py:150} INFO - [ERROR] flights가 리스트가 아님: <class 'dict'>
[2025-01-31T07:17:32.417+0000] {logging_mixin.py:150} INFO - [ERROR] flights가 리스트가 아님: <class 'dict'>
[2025-01-31T07:17:32.417+0000] {logging_mixin.py:150} INFO - [ERROR] flights가 리스트가 아님: <class 'dict'>
[2025-01-31T07:17:32.417+0000] {logging_mixin.py:150} INFO - [ERROR] flights가 리스트가 아님: <class 'dict'>
[2025-01-31T07:17:32.417+0000] {logging_mixin.py:150} INFO - [ERROR] flights가 리스트가 아님: <class 'dict'>
[2025-01-31T07:17:32.418+0000] {logging_mixin.py:150} INFO - [ERROR] flights가 리스트가 아님: <class 'dict'>
[2025-01-31T07:17:32.418+0000] {logging_mixin.py:150} INFO - [ERROR] flights가 리스트가 아님: <class 'dict'>
[2025-01-31T07:17:32.418+0000] {logging_mixin.py:150} INFO - [ERROR] flights가 리스트가 아님: <class 'dict'>
[2025-01-31T07:17:32.418+0000] {logging_mixin.py:150} INFO - [ERROR] flights가 리스트가 아님: <class 'dict'>
[2025-01-31T07:17:32.418+0000] {logging_mixin.py:150} INFO - [ERROR] flights가 리스트가 아님: <class 'dict'>
[2025-01-31T07:17:32.418+0000] {logging_mixin.py:150} INFO - [ERROR] flights가 리스트가 아님: <class 'dict'>
[2025-01-31T07:17:32.418+0000] {logging_mixin.py:150} INFO - [ERROR] flights가 리스트가 아님: <class 'dict'>
[2025-01-31T07:17:32.418+0000] {logging_mixin.py:150} INFO - [ERROR] flights가 리스트가 아님: <class 'dict'>
[2025-01-31T07:17:32.418+0000] {logging_mixin.py:150} INFO - [ERROR] flights가 리스트가 아님: <class 'dict'>
[2025-01-31T07:17:32.418+0000] {logging_mixin.py:150} INFO - [ERROR] flights가 리스트가 아님: <class 'dict'>
[2025-01-31T07:17:32.418+0000] {logging_mixin.py:150} INFO - [ERROR] flights가 리스트가 아님: <class 'dict'>
[2025-01-31T07:17:32.418+0000] {logging_mixin.py:150} INFO - [ERROR] flights가 리스트가 아님: <class 'dict'>
[2025-01-31T07:17:32.418+0000] {logging_mixin.py:150} INFO - [ERROR] flights가 리스트가 아님: <class 'dict'>
[2025-01-31T07:17:32.419+0000] {logging_mixin.py:150} INFO - [ERROR] flights가 리스트가 아님: <class 'dict'>
[2025-01-31T07:17:32.419+0000] {logging_mixin.py:150} INFO - [ERROR] flights가 리스트가 아님: <class 'dict'>
[2025-01-31T07:17:32.419+0000] {logging_mixin.py:150} INFO - [ERROR] flights가 리스트가 아님: <class 'dict'>
[2025-01-31T07:17:32.419+0000] {logging_mixin.py:150} INFO - [ERROR] flights가 리스트가 아님: <class 'dict'>
[2025-01-31T07:17:32.419+0000] {logging_mixin.py:150} INFO - [ERROR] flights가 리스트가 아님: <class 'dict'>
[2025-01-31T07:17:32.419+0000] {logging_mixin.py:150} INFO - [ERROR] flights가 리스트가 아님: <class 'dict'>
[2025-01-31T07:17:32.419+0000] {logging_mixin.py:150} INFO - [ERROR] flights가 리스트가 아님: <class 'dict'>
[2025-01-31T07:17:32.419+0000] {logging_mixin.py:150} INFO - [ERROR] flights가 리스트가 아님: <class 'dict'>
[2025-01-31T07:17:32.419+0000] {logging_mixin.py:150} INFO - [ERROR] flights가 리스트가 아님: <class 'dict'>
[2025-01-31T07:17:32.419+0000] {logging_mixin.py:150} INFO - [ERROR] flights가 리스트가 아님: <class 'dict'>
[2025-01-31T07:17:32.419+0000] {logging_mixin.py:150} INFO - [ERROR] flights가 리스트가 아님: <class 'dict'>
[2025-01-31T07:17:32.419+0000] {logging_mixin.py:150} INFO - [ERROR] flights가 리스트가 아님: <class 'dict'>
[2025-01-31T07:17:32.419+0000] {logging_mixin.py:150} INFO - [ERROR] flights가 리스트가 아님: <class 'dict'>
[2025-01-31T07:17:32.419+0000] {logging_mixin.py:150} INFO - [ERROR] flights가 리스트가 아님: <class 'dict'>
[2025-01-31T07:17:32.419+0000] {logging_mixin.py:150} INFO - [ERROR] flights가 리스트가 아님: <class 'dict'>
[2025-01-31T07:17:32.419+0000] {logging_mixin.py:150} INFO - [ERROR] flights가 리스트가 아님: <class 'dict'>
[2025-01-31T07:17:32.419+0000] {logging_mixin.py:150} INFO - [ERROR] flights가 리스트가 아님: <class 'dict'>
[2025-01-31T07:17:32.420+0000] {logging_mixin.py:150} INFO - [ERROR] flights가 리스트가 아님: <class 'dict'>
[2025-01-31T07:17:32.420+0000] {logging_mixin.py:150} INFO - [ERROR] flights가 리스트가 아님: <class 'dict'>
[2025-01-31T07:17:32.420+0000] {logging_mixin.py:150} INFO - [ERROR] flights가 리스트가 아님: <class 'dict'>
[2025-01-31T07:17:32.420+0000] {logging_mixin.py:150} INFO - [ERROR] flights가 리스트가 아님: <class 'dict'>
[2025-01-31T07:17:32.420+0000] {logging_mixin.py:150} INFO - [ERROR] flights가 리스트가 아님: <class 'dict'>
[2025-01-31T07:17:32.420+0000] {logging_mixin.py:150} INFO - [ERROR] flights가 리스트가 아님: <class 'dict'>
[2025-01-31T07:17:32.420+0000] {logging_mixin.py:150} INFO - [ERROR] flights가 리스트가 아님: <class 'dict'>
[2025-01-31T07:17:32.420+0000] {logging_mixin.py:150} INFO - [ERROR] flights가 리스트가 아님: <class 'dict'>
[2025-01-31T07:17:32.420+0000] {logging_mixin.py:150} INFO - [ERROR] flights가 리스트가 아님: <class 'dict'>
[2025-01-31T07:17:32.420+0000] {logging_mixin.py:150} INFO - [ERROR] flights가 리스트가 아님: <class 'dict'>
[2025-01-31T07:17:32.420+0000] {logging_mixin.py:150} INFO - [ERROR] flights가 리스트가 아님: <class 'dict'>
[2025-01-31T07:17:32.420+0000] {logging_mixin.py:150} INFO - [ERROR] flights가 리스트가 아님: <class 'dict'>
[2025-01-31T07:17:32.420+0000] {logging_mixin.py:150} INFO - [ERROR] flights가 리스트가 아님: <class 'dict'>
[2025-01-31T07:17:32.420+0000] {logging_mixin.py:150} INFO - [ERROR] flights가 리스트가 아님: <class 'dict'>
[2025-01-31T07:17:32.420+0000] {logging_mixin.py:150} INFO - [ERROR] flights가 리스트가 아님: <class 'dict'>
[2025-01-31T07:17:32.420+0000] {logging_mixin.py:150} INFO - [ERROR] flights가 리스트가 아님: <class 'dict'>
[2025-01-31T07:17:32.421+0000] {logging_mixin.py:150} INFO - [ERROR] flights가 리스트가 아님: <class 'dict'>
[2025-01-31T07:17:32.421+0000] {logging_mixin.py:150} INFO - [ERROR] flights가 리스트가 아님: <class 'dict'>
[2025-01-31T07:17:32.421+0000] {logging_mixin.py:150} INFO - [ERROR] flights가 리스트가 아님: <class 'dict'>
[2025-01-31T07:17:32.421+0000] {logging_mixin.py:150} INFO - [ERROR] flights가 리스트가 아님: <class 'dict'>
[2025-01-31T07:17:32.421+0000] {logging_mixin.py:150} INFO - [ERROR] flights가 리스트가 아님: <class 'dict'>
[2025-01-31T07:17:32.421+0000] {logging_mixin.py:150} INFO - [ERROR] flights가 리스트가 아님: <class 'dict'>
[2025-01-31T07:17:32.421+0000] {logging_mixin.py:150} INFO - [ERROR] flights가 리스트가 아님: <class 'dict'>
[2025-01-31T07:17:32.421+0000] {logging_mixin.py:150} INFO - [ERROR] flights가 리스트가 아님: <class 'dict'>
[2025-01-31T07:17:32.421+0000] {logging_mixin.py:150} INFO - [ERROR] flights가 리스트가 아님: <class 'dict'>
[2025-01-31T07:17:32.421+0000] {logging_mixin.py:150} INFO - [ERROR] flights가 리스트가 아님: <class 'dict'>
[2025-01-31T07:17:32.421+0000] {logging_mixin.py:150} INFO - [ERROR] flights가 리스트가 아님: <class 'dict'>
[2025-01-31T07:17:32.421+0000] {logging_mixin.py:150} INFO - [ERROR] flights가 리스트가 아님: <class 'dict'>
[2025-01-31T07:17:32.421+0000] {logging_mixin.py:150} INFO - [ERROR] flights가 리스트가 아님: <class 'dict'>
[2025-01-31T07:17:32.421+0000] {logging_mixin.py:150} INFO - [ERROR] flights가 리스트가 아님: <class 'dict'>
[2025-01-31T07:17:32.421+0000] {logging_mixin.py:150} INFO - [ERROR] flights가 리스트가 아님: <class 'dict'>
[2025-01-31T07:17:32.421+0000] {logging_mixin.py:150} INFO - [ERROR] flights가 리스트가 아님: <class 'dict'>
[2025-01-31T07:17:32.421+0000] {logging_mixin.py:150} INFO - [ERROR] flights가 리스트가 아님: <class 'dict'>
[2025-01-31T07:17:32.422+0000] {logging_mixin.py:150} INFO - [ERROR] flights가 리스트가 아님: <class 'dict'>
[2025-01-31T07:17:32.422+0000] {logging_mixin.py:150} INFO - [ERROR] flights가 리스트가 아님: <class 'dict'>
[2025-01-31T07:17:32.422+0000] {logging_mixin.py:150} INFO - [ERROR] flights가 리스트가 아님: <class 'dict'>
[2025-01-31T07:17:32.422+0000] {logging_mixin.py:150} INFO - [ERROR] flights가 리스트가 아님: <class 'dict'>
[2025-01-31T07:17:32.422+0000] {logging_mixin.py:150} INFO - [ERROR] flights가 리스트가 아님: <class 'dict'>
[2025-01-31T07:17:32.422+0000] {logging_mixin.py:150} INFO - [ERROR] flights가 리스트가 아님: <class 'dict'>
[2025-01-31T07:17:32.422+0000] {logging_mixin.py:150} INFO - [ERROR] flights가 리스트가 아님: <class 'dict'>
[2025-01-31T07:17:32.422+0000] {logging_mixin.py:150} INFO - [ERROR] flights가 리스트가 아님: <class 'dict'>
[2025-01-31T07:17:32.422+0000] {logging_mixin.py:150} INFO - [ERROR] flights가 리스트가 아님: <class 'dict'>
[2025-01-31T07:17:32.422+0000] {logging_mixin.py:150} INFO - [ERROR] flights가 리스트가 아님: <class 'dict'>
[2025-01-31T07:17:32.422+0000] {logging_mixin.py:150} INFO - [ERROR] flights가 리스트가 아님: <class 'dict'>
[2025-01-31T07:17:32.422+0000] {logging_mixin.py:150} INFO - [ERROR] flights가 리스트가 아님: <class 'dict'>
[2025-01-31T07:17:32.422+0000] {logging_mixin.py:150} INFO - [ERROR] flights가 리스트가 아님: <class 'dict'>
[2025-01-31T07:17:32.422+0000] {logging_mixin.py:150} INFO - [ERROR] flights가 리스트가 아님: <class 'dict'>
[2025-01-31T07:17:32.422+0000] {logging_mixin.py:150} INFO - [ERROR] flights가 리스트가 아님: <class 'dict'>
[2025-01-31T07:17:32.422+0000] {logging_mixin.py:150} INFO - [ERROR] flights가 리스트가 아님: <class 'dict'>
[2025-01-31T07:17:32.423+0000] {logging_mixin.py:150} INFO - [ERROR] flights가 리스트가 아님: <class 'dict'>
[2025-01-31T07:17:32.423+0000] {logging_mixin.py:150} INFO - [ERROR] flights가 리스트가 아님: <class 'dict'>
[2025-01-31T07:17:32.423+0000] {logging_mixin.py:150} INFO - [ERROR] flights가 리스트가 아님: <class 'dict'>
[2025-01-31T07:17:32.423+0000] {logging_mixin.py:150} INFO - [ERROR] flights가 리스트가 아님: <class 'dict'>
[2025-01-31T07:17:32.423+0000] {logging_mixin.py:150} INFO - [ERROR] flights가 리스트가 아님: <class 'dict'>
[2025-01-31T07:17:32.423+0000] {logging_mixin.py:150} INFO - [ERROR] flights가 리스트가 아님: <class 'dict'>
[2025-01-31T07:17:32.423+0000] {logging_mixin.py:150} INFO - [ERROR] flights가 리스트가 아님: <class 'dict'>
[2025-01-31T07:17:32.423+0000] {logging_mixin.py:150} INFO - [ERROR] flights가 리스트가 아님: <class 'dict'>
[2025-01-31T07:17:32.423+0000] {logging_mixin.py:150} INFO - [ERROR] flights가 리스트가 아님: <class 'dict'>
[2025-01-31T07:17:32.423+0000] {logging_mixin.py:150} INFO - [ERROR] flights가 리스트가 아님: <class 'dict'>
[2025-01-31T07:17:32.423+0000] {logging_mixin.py:150} INFO - [ERROR] flights가 리스트가 아님: <class 'dict'>
[2025-01-31T07:17:32.423+0000] {logging_mixin.py:150} INFO - [ERROR] flights가 리스트가 아님: <class 'dict'>
[2025-01-31T07:17:32.423+0000] {logging_mixin.py:150} INFO - [ERROR] flights가 리스트가 아님: <class 'dict'>
[2025-01-31T07:17:32.423+0000] {logging_mixin.py:150} INFO - [ERROR] flights가 리스트가 아님: <class 'dict'>
[2025-01-31T07:17:32.423+0000] {logging_mixin.py:150} INFO - [ERROR] flights가 리스트가 아님: <class 'dict'>
[2025-01-31T07:17:32.423+0000] {logging_mixin.py:150} INFO - [ERROR] flights가 리스트가 아님: <class 'dict'>
[2025-01-31T07:17:32.423+0000] {logging_mixin.py:150} INFO - [ERROR] flights가 리스트가 아님: <class 'dict'>
[2025-01-31T07:17:32.424+0000] {logging_mixin.py:150} INFO - [ERROR] flights가 리스트가 아님: <class 'dict'>
[2025-01-31T07:17:32.424+0000] {logging_mixin.py:150} INFO - [ERROR] flights가 리스트가 아님: <class 'dict'>
[2025-01-31T07:17:32.427+0000] {python.py:183} INFO - Done. Returned value was: []
[2025-01-31T07:17:32.443+0000] {taskinstance.py:1350} INFO - Marking task as SUCCESS. dag_id=naver_flight_pipeline, task_id=process_json, execution_date=20250131T071553, start_date=20250131T071732, end_date=20250131T071732
[2025-01-31T07:17:32.468+0000] {local_task_job_runner.py:225} INFO - Task exited with return code 0
[2025-01-31T07:17:32.487+0000] {taskinstance.py:2653} INFO - 1 downstream tasks scheduled from follow-on schedule check
